<?xml version="1.0" encoding="utf-8"?><testsuites name="pytest tests"><testsuite name="pytest" errors="0" failures="0" skipped="0" tests="4" time="2.650" timestamp="2026-09-09T22:53:24.515769+00:00" hostname="agent-env-09ac7544-25ed-4da3-a185-8753a4ef3175"><testcase classname="backend.tests.test_cb_only_payment" name="test_vendor_profile_toggle_true" time="0.956" /><testcase classname="backend.tests.test_cb_only_payment" name="test_cb_only_context_true_when_active" time="0.524" /><testcase classname="backend.tests.test_cb_only_payment" name="test_cb_only_context_false_other_sku" time="0.166" /><testcase classname="backend.tests.test_cb_only_payment" name="test_vendor_profile_toggle_false" time="0.926" /></testsuite></testsuites>