<?xml version="1.0" encoding="utf-8"?><testsuites name="pytest tests"><testsuite name="pytest" errors="0" failures="0" skipped="0" tests="7" time="7.293" timestamp="2026-07-17T18:27:34.966531+00:00" hostname="agent-env-97b0323d-2c24-4ffc-a5ba-75aebc697a04"><testcase classname="backend.tests.test_connectors_ecosystem" name="test_list_connectors" time="0.831" /><testcase classname="backend.tests.test_connectors_ecosystem" name="test_ecosystem_requires_auth" time="0.105" /><testcase classname="backend.tests.test_connectors_ecosystem" name="test_ecosystem_overview" time="3.452" /><testcase classname="backend.tests.test_connectors_ecosystem" name="test_iabois_manual_sync" time="1.627" /><testcase classname="backend.tests.test_connectors_ecosystem" name="test_iabois_projects_list" time="0.235" /><testcase classname="backend.tests.test_connectors_ecosystem" name="test_iabois_health" time="0.571" /><testcase classname="backend.tests.test_connectors_ecosystem" name="test_sync_events" time="0.149" /></testsuite></testsuites>