<?xml version="1.0" encoding="utf-8"?><testsuites name="pytest tests"><testsuite name="pytest" errors="0" failures="0" skipped="0" tests="16" time="13.544" timestamp="2026-07-22T00:28:12.614912+00:00" hostname="agent-env-97b0323d-2c24-4ffc-a5ba-75aebc697a04"><testcase classname="tests.test_iter68_cod_ventia_social.TestCod" name="test_eligibility_no_token" time="0.203" /><testcase classname="tests.test_iter68_cod_ventia_social.TestCod" name="test_eligibility_buyer_pro" time="0.608" /><testcase classname="tests.test_iter68_cod_ventia_social.TestCod" name="test_confirm_cod_invalid_order" time="0.140" /><testcase classname="tests.test_iter68_cod_ventia_social.TestCod" name="test_confirm_cod_on_pending_order" time="0.169" /><testcase classname="tests.test_iter68_cod_ventia_social.TestProspectiaPipeline" name="test_pipeline_unauthenticated" time="0.111" /><testcase classname="tests.test_iter68_cod_ventia_social.TestProspectiaPipeline" name="test_pipeline_admin" time="0.456" /><testcase classname="tests.test_iter68_cod_ventia_social.TestVentia" name="test_product_copy_disabled" time="0.560" /><testcase classname="tests.test_iter68_cod_ventia_social.TestVentia" name="test_product_copy_enabled" time="6.654" /><testcase classname="tests.test_iter68_cod_ventia_social.TestVentia" name="test_product_copy_empty_name" time="0.146" /><testcase classname="tests.test_iter68_cod_ventia_social.TestSocialProof" name="test_public_submit_anonymous_not_verified" time="0.137" /><testcase classname="tests.test_iter68_cod_ventia_social.TestSocialProof" name="test_public_submit_verified_member" time="0.139" /><testcase classname="tests.test_iter68_cod_ventia_social.TestSocialProof" name="test_translation_on_approval" time="3.459" /><testcase classname="tests.test_iter68_cod_ventia_social.TestSocialProof" name="test_cleanup_test_data" time="0.001" /><testcase classname="tests.test_iter68_cod_ventia_social.TestJobs" name="test_process_testimonial_reminders" time="0.366" /><testcase classname="tests.test_iter68_cod_ventia_social.TestJobs" name="test_process_abandoned_carts" time="0.119" /><testcase classname="tests.test_iter68_cod_ventia_social.TestJobs" name="test_restore_agents_off" time="0.102" /></testsuite></testsuites>