<?xml version="1.0" encoding="utf-8"?><testsuites name="pytest tests"><testsuite name="pytest" errors="0" failures="0" skipped="0" tests="7" time="1.891" timestamp="2026-05-22T06:16:18.307303+00:00" hostname="agent-env-97b0323d-2c24-4ffc-a5ba-75aebc697a04"><testcase classname="backend.tests.test_iter8_sprint.TestStripeModeEndpoint" name="test_admin_stripe_mode_ok" time="0.506" /><testcase classname="backend.tests.test_iter8_sprint.TestStripeModeEndpoint" name="test_admin_stripe_mode_no_auth" time="0.101" /><testcase classname="backend.tests.test_iter8_sprint.TestStripeModeEndpoint" name="test_admin_stripe_mode_non_admin" time="0.465" /><testcase classname="backend.tests.test_iter8_sprint.TestStripeModeEndpoint" name="test_admin_stripe_mode_gerant_blocked" time="0.430" /><testcase classname="backend.tests.test_iter8_sprint.TestCheckoutStripeTestMode" name="test_pass_session_uses_test_key" time="0.103" /><testcase classname="backend.tests.test_iter8_sprint.TestAutoRenewBatchStillWorks" name="test_auto_renew_returns_dict" time="0.110" /><testcase classname="backend.tests.test_iter8_sprint.TestLoloPointsRegression" name="test_ten_points_with_geo" time="0.104" /></testsuite></testsuites>