<?xml version="1.0" encoding="utf-8"?><testsuites name="pytest tests"><testsuite name="pytest" errors="0" failures="0" skipped="0" tests="10" time="2.949" timestamp="2026-07-16T23:19:19.231483+00:00" hostname="agent-env-97b0323d-2c24-4ffc-a5ba-75aebc697a04"><testcase classname="backend.tests.test_iter24_review_regression" name="test_health" time="0.137" /><testcase classname="backend.tests.test_iter24_review_regression" name="test_auth_me_admin" time="0.454" /><testcase classname="backend.tests.test_iter24_review_regression" name="test_auth_me_buyer" time="0.377" /><testcase classname="backend.tests.test_iter24_review_regression" name="test_checkout_v1_module_reachable" time="0.055" /><testcase classname="backend.tests.test_iter24_review_regression" name="test_checkout_v2_module_reachable" time="0.049" /><testcase classname="backend.tests.test_iter24_review_regression" name="test_admin_ess_capacity_create_no_nameerror" time="0.139" /><testcase classname="backend.tests.test_iter24_review_regression" name="test_admin_ess_rules_create_no_nameerror" time="0.043" /><testcase classname="backend.tests.test_iter24_review_regression" name="test_favorites_restock_alert_after_refactor" time="0.100" /><testcase classname="backend.tests.test_iter24_review_regression" name="test_favorites_alerts_center_buyer" time="0.048" /><testcase classname="backend.tests.test_iter24_review_regression" name="test_connector_ged_health" time="1.394" /></testsuite></testsuites>