<?xml version="1.0" encoding="utf-8"?><testsuites name="pytest tests"><testsuite name="pytest" errors="0" failures="0" skipped="0" tests="7" time="3.551" timestamp="2026-07-18T01:25:05.243875+00:00" hostname="agent-env-97b0323d-2c24-4ffc-a5ba-75aebc697a04"><testcase classname="tests.test_iter34_credit_packs_promos_analytics" name="test_credit_packs_public_lists_three_packs" time="0.222" /><testcase classname="tests.test_iter34_credit_packs_promos_analytics" name="test_promotions_requires_auth" time="0.256" /><testcase classname="tests.test_iter34_credit_packs_promos_analytics" name="test_promotion_lifecycle_and_effect_on_pack_bonus" time="1.136" /><testcase classname="tests.test_iter34_credit_packs_promos_analytics" name="test_credit_pack_purchase_creates_stripe_session" time="0.770" /><testcase classname="tests.test_iter34_credit_packs_promos_analytics" name="test_credit_analytics_requires_auth" time="0.095" /><testcase classname="tests.test_iter34_credit_packs_promos_analytics" name="test_credit_analytics_shape_and_totals" time="0.098" /><testcase classname="tests.test_iter34_credit_packs_promos_analytics" name="test_buyer_my_credits_and_admin_adjustment_roundtrip" time="0.906" /></testsuite></testsuites>