<?xml version="1.0" encoding="utf-8"?><testsuites name="pytest tests"><testsuite name="pytest" errors="0" failures="0" skipped="0" tests="20" time="5.685" timestamp="2026-07-19T23:05:47.696531+00:00" hostname="agent-env-97b0323d-2c24-4ffc-a5ba-75aebc697a04"><testcase classname="tests.test_iter51_consultations_new_features.TestSetup" name="test_01_classify_green" time="0.579" /><testcase classname="tests.test_iter51_consultations_new_features.TestSetup" name="test_02_credit_vendor_50_cpc" time="0.137" /><testcase classname="tests.test_iter51_consultations_new_features.TestSetup" name="test_03_create_consultation" time="0.140" /><testcase classname="tests.test_iter51_consultations_new_features.TestSetup" name="test_04_full_workflow_to_en_cours" time="0.586" /><testcase classname="tests.test_iter51_consultations_new_features.TestSetup" name="test_05_vendor_register" time="0.530" /><testcase classname="tests.test_iter51_consultations_new_features.TestSetup" name="test_06_vendor_submit_bid" time="0.100" /><testcase classname="tests.test_iter51_consultations_new_features.TestTracking" name="test_10_tracking_returns_items" time="0.460" /><testcase classname="tests.test_iter51_consultations_new_features.TestTracking" name="test_11_best_offer_hidden_before_close" time="0.000" /><testcase classname="tests.test_iter51_consultations_new_features.TestTracking" name="test_12_tracking_also_accepts_vendor_or_admin" time="0.200" /><testcase classname="tests.test_iter51_consultations_new_features.TestTracking" name="test_13_tracking_requires_auth" time="0.107" /><testcase classname="tests.test_iter51_consultations_new_features.TestReport" name="test_20_report_409_before_close" time="0.117" /><testcase classname="tests.test_iter51_consultations_new_features.TestReport" name="test_21_close_consultation" time="0.102" /><testcase classname="tests.test_iter51_consultations_new_features.TestReport" name="test_22_report_403_non_participant" time="0.098" /><testcase classname="tests.test_iter51_consultations_new_features.TestReport" name="test_23_report_first_call_debits_10_cpc" time="0.333" /><testcase classname="tests.test_iter51_consultations_new_features.TestReport" name="test_24_report_idempotent_no_second_debit" time="0.191" /><testcase classname="tests.test_iter51_consultations_new_features.TestReport" name="test_25_tracking_shows_best_offer_after_close" time="0.100" /><testcase classname="tests.test_iter51_consultations_new_features.TestClosureReminders" name="test_30_setup_second_consultation_closes_in_12h" time="0.981" /><testcase classname="tests.test_iter51_consultations_new_features.TestClosureReminders" name="test_31_call_send_closure_reminders_sets_flag" time="0.802" /><testcase classname="tests.test_iter51_consultations_new_features.TestClosureReminders" name="test_32_vendor_with_bid_should_not_get_reminder" time="0.007" /><testcase classname="tests.test_iter51_consultations_new_features.TestCleanup" name="test_99_cleanup" time="0.013" /></testsuite></testsuites>