<?xml version="1.0" encoding="utf-8"?><testsuites name="pytest tests"><testsuite name="pytest" errors="0" failures="0" skipped="0" tests="21" time="13.396" timestamp="2026-07-21T23:58:44.787752+00:00" hostname="agent-env-97b0323d-2c24-4ffc-a5ba-75aebc697a04"><testcase classname="backend.tests.test_iter67_prospectia_social_weekly.TestSecurityNoAuth" name="test_library_get_no_auth" time="0.246" /><testcase classname="backend.tests.test_iter67_prospectia_social_weekly.TestSecurityNoAuth" name="test_social_admin_no_auth" time="0.048" /><testcase classname="backend.tests.test_iter67_prospectia_social_weekly.TestSecurityNoAuth" name="test_weekly_send_no_auth" time="0.047" /><testcase classname="backend.tests.test_iter67_prospectia_social_weekly.TestLibrary" name="test_create_script" time="0.469" /><testcase classname="backend.tests.test_iter67_prospectia_social_weekly.TestLibrary" name="test_list_scripts_has_created" time="0.055" /><testcase classname="backend.tests.test_iter67_prospectia_social_weekly.TestLibrary" name="test_delete_script" time="0.098" /><testcase classname="backend.tests.test_iter67_prospectia_social_weekly.TestCampaignAB" name="test_create_library_for_campaign" time="0.049" /><testcase classname="backend.tests.test_iter67_prospectia_social_weekly.TestCampaignAB" name="test_create_campaign_ab" time="5.872" /><testcase classname="backend.tests.test_iter67_prospectia_social_weekly.TestCampaignAB" name="test_prospects_alternate_variant" time="0.049" /><testcase classname="backend.tests.test_iter67_prospectia_social_weekly.TestCampaignAB" name="test_library_stats_updated" time="0.051" /><testcase classname="backend.tests.test_iter67_prospectia_social_weekly.TestCampaignAB" name="test_cleanup_library" time="0.047" /><testcase classname="backend.tests.test_iter67_prospectia_social_weekly.TestTestimonialsPublic" name="test_submit_valid" time="0.048" /><testcase classname="backend.tests.test_iter67_prospectia_social_weekly.TestTestimonialsPublic" name="test_submit_too_short" time="0.055" /><testcase classname="backend.tests.test_iter67_prospectia_social_weekly.TestTestimonialsPublic" name="test_public_only_approved_no_email" time="0.051" /><testcase classname="backend.tests.test_iter67_prospectia_social_weekly.TestTestimonialsAdmin" name="test_list_all" time="0.065" /><testcase classname="backend.tests.test_iter67_prospectia_social_weekly.TestTestimonialsAdmin" name="test_approve" time="0.066" /><testcase classname="backend.tests.test_iter67_prospectia_social_weekly.TestTestimonialsAdmin" name="test_polish_requires_prospectia" time="0.152" /><testcase classname="backend.tests.test_iter67_prospectia_social_weekly.TestTestimonialsAdmin" name="test_polish_success" time="1.844" /><testcase classname="backend.tests.test_iter67_prospectia_social_weekly.TestTestimonialsAdmin" name="test_invite_requires_prospectia" time="0.142" /><testcase classname="backend.tests.test_iter67_prospectia_social_weekly.TestTestimonialsAdmin" name="test_invite_limit_1" time="3.104" /><testcase classname="backend.tests.test_iter67_prospectia_social_weekly.TestWeeklyReport" name="test_trigger_report" time="0.481" /></testsuite></testsuites>