<?xml version="1.0" encoding="utf-8"?><testsuites name="pytest tests"><testsuite name="pytest" errors="0" failures="0" skipped="0" tests="8" time="3.195" timestamp="2026-09-05T15:28:42.819814+00:00" hostname="agent-env-09ac7544-25ed-4da3-a185-8753a4ef3175"><testcase classname="backend.tests.test_iter78_stock_language" name="test_stock_get_requires_auth" time="0.365" /><testcase classname="backend.tests.test_iter78_stock_language" name="test_stock_get_returns_zones" time="0.587" /><testcase classname="backend.tests.test_iter78_stock_language" name="test_stock_put_updates_and_persists" time="0.343" /><testcase classname="backend.tests.test_iter78_stock_language" name="test_zzz_restore_stocks" time="0.663" /><testcase classname="backend.tests.test_iter78_stock_language" name="test_language_get" time="0.119" /><testcase classname="backend.tests.test_iter78_stock_language" name="test_language_set_gcf_then_fr" time="0.410" /><testcase classname="backend.tests.test_iter78_stock_language" name="test_language_invalid" time="0.144" /><testcase classname="backend.tests.test_iter78_stock_language" name="test_zzz_final_language_fr" time="0.343" /></testsuite></testsuites>