<?xml version="1.0" encoding="utf-8"?><testsuites name="pytest tests"><testsuite name="pytest" errors="0" failures="0" skipped="0" tests="15" time="26.675" timestamp="2026-05-22T05:34:02.729125+00:00" hostname="agent-env-97b0323d-2c24-4ffc-a5ba-75aebc697a04"><testcase classname="backend.tests.test_iter7_sprint.TestBrevoMetricsDaysFilter" name="test_days_clamps_to_min_1" time="0.345" /><testcase classname="backend.tests.test_iter7_sprint.TestBrevoMetricsDaysFilter" name="test_days_clamps_to_max_365" time="0.106" /><testcase classname="backend.tests.test_iter7_sprint.TestBrevoMetricsDaysFilter" name="test_days_1_vs_30_today_events_equal" time="11.522" /><testcase classname="backend.tests.test_iter7_sprint.TestAutoRenewBatch" name="test_non_admin_403" time="11.724" /><testcase classname="backend.tests.test_iter7_sprint.TestAutoRenewBatch" name="test_returns_dict_with_sent_skipped" time="0.570" /><testcase classname="backend.tests.test_iter7_sprint.TestAutoRenewBatch" name="test_marie_pass_in_window_sends_email" time="1.453" /><testcase classname="backend.tests.test_iter7_sprint.TestAutoRenewBatch" name="test_batch_throttle_replay" time="0.101" /><testcase classname="backend.tests.test_iter7_sprint.TestWalletLedgerIdempotency" name="test_unique_index_present" time="0.003" /><testcase classname="backend.tests.test_iter7_sprint.TestWalletLedgerIdempotency" name="test_upsert_3x_replay_credits_once" time="0.005" /><testcase classname="backend.tests.test_iter7_sprint.TestLandingMetaTags" name="test_og_meta_present" time="0.115" /><testcase classname="backend.tests.test_iter7_sprint.TestLandingMetaTags" name="test_twitter_meta_present" time="0.108" /><testcase classname="backend.tests.test_iter7_sprint.TestLandingMetaTags" name="test_title_contains_communityplace" time="0.106" /><testcase classname="backend.tests.test_iter7_sprint.TestLandingMetaTags" name="test_meta_description_mentions_lolodrive" time="0.109" /><testcase classname="backend.tests.test_iter7_sprint.TestLandingMetaTags" name="test_og_image_unsplash_200" time="0.227" /><testcase classname="backend.tests.test_iter7_sprint.TestReferralRegression" name="test_referral_me_returns_marie_code" time="0.112" /></testsuite></testsuites>