<?xml version="1.0" encoding="utf-8"?><testsuites name="pytest tests"><testsuite name="pytest" errors="0" failures="0" skipped="0" tests="16" time="5.983" timestamp="2026-07-20T00:23:00.024519+00:00" hostname="agent-env-97b0323d-2c24-4ffc-a5ba-75aebc697a04"><testcase classname="tests.test_iter54_lot_features" name="test_settings_contains_referral_bonus" time="0.602" /><testcase classname="tests.test_iter54_lot_features" name="test_settings_put_negative_referral_rejected" time="0.106" /><testcase classname="tests.test_iter54_lot_features" name="test_referral_me_vendor" time="0.423" /><testcase classname="tests.test_iter54_lot_features" name="test_referral_claim_own_code_rejected" time="0.100" /><testcase classname="tests.test_iter54_lot_features" name="test_referral_claim_unknown_code" time="0.098" /><testcase classname="tests.test_iter54_lot_features" name="test_referral_full_flow_with_test_filleul" time="2.682" /><testcase classname="tests.test_iter54_lot_features" name="test_me_crediscop_href" time="0.102" /><testcase classname="tests.test_iter54_lot_features" name="test_crediscop_statement" time="0.146" /><testcase classname="tests.test_iter54_lot_features" name="test_crediscop_statement_pdf" time="0.104" /><testcase classname="tests.test_iter54_lot_features" name="test_liquidity_history_endpoint" time="0.100" /><testcase classname="tests.test_iter54_lot_features" name="test_snapshot_liquidity_idempotent_same_day" time="0.009" /><testcase classname="tests.test_iter54_lot_features" name="test_send_monthly_benchmarks" time="0.524" /><testcase classname="tests.test_iter54_lot_features" name="test_regression_cpc_me" time="0.101" /><testcase classname="tests.test_iter54_lot_features" name="test_regression_checkout" time="0.672" /><testcase classname="tests.test_iter54_lot_features" name="test_regression_benchmark_paid" time="0.096" /><testcase classname="tests.test_iter54_lot_features" name="test_zz_cleanup" time="0.015" /></testsuite></testsuites>