<?xml version="1.0" encoding="utf-8"?><testsuites name="pytest tests"><testsuite name="pytest" errors="0" failures="0" skipped="0" tests="66" time="15.473" timestamp="2026-05-22T03:20:32.906379+00:00" hostname="agent-env-97b0323d-2c24-4ffc-a5ba-75aebc697a04"><testcase classname="backend.tests.test_lolodrive_iter4.TestLoloHourEvents" name="test_list_events_scope_all" time="0.513" /><testcase classname="backend.tests.test_lolodrive_iter4.TestLoloHourEvents" name="test_list_events_each_scope[upcoming]" time="0.110" /><testcase classname="backend.tests.test_lolodrive_iter4.TestLoloHourEvents" name="test_list_events_each_scope[live]" time="0.102" /><testcase classname="backend.tests.test_lolodrive_iter4.TestLoloHourEvents" name="test_list_events_each_scope[ended]" time="0.108" /><testcase classname="backend.tests.test_lolodrive_iter4.TestLoloHourEvents" name="test_list_events_each_scope[all]" time="0.112" /><testcase classname="backend.tests.test_lolodrive_iter4.TestLoloHourEvents" name="test_event_detail_with_my_reservation_field" time="0.230" /><testcase classname="backend.tests.test_lolodrive_iter4.TestLoloHourEvents" name="test_reserve_event_marie_then_duplicate" time="0.790" /><testcase classname="backend.tests.test_lolodrive_iter4.TestLoloHourEvents" name="test_cancel_reservation" time="0.215" /><testcase classname="backend.tests.test_lolodrive_iter4.TestLoloHourEvents" name="test_reserve_pass_only_requires_pass" time="0.544" /><testcase classname="backend.tests.test_lolodrive_iter4.TestLoloHourEvents" name="test_admin_list_reservations" time="0.215" /><testcase classname="backend.tests.test_lolodrive_iter4.TestLoloHourEvents" name="test_admin_link_products_to_event" time="0.242" /><testcase classname="backend.tests.test_lolodrive_iter4.TestManager" name="test_manager_my_point_gerant" time="0.428" /><testcase classname="backend.tests.test_lolodrive_iter4.TestManager" name="test_manager_my_point_admin_no_assign" time="0.099" /><testcase classname="backend.tests.test_lolodrive_iter4.TestManager" name="test_manager_my_orders" time="0.108" /><testcase classname="backend.tests.test_lolodrive_iter4.TestManager" name="test_manager_my_payout_preview" time="0.124" /><testcase classname="backend.tests.test_lolodrive_iter4.TestTimeseries" name="test_timeseries[revenue]" time="0.125" /><testcase classname="backend.tests.test_lolodrive_iter4.TestTimeseries" name="test_timeseries[orders]" time="0.117" /><testcase classname="backend.tests.test_lolodrive_iter4.TestTimeseries" name="test_timeseries[uc_consumed]" time="0.111" /><testcase classname="backend.tests.test_lolodrive_iter4.TestTimeseries" name="test_timeseries[pass_activations]" time="0.105" /><testcase classname="backend.tests.test_lolodrive_iter4.TestTimeseries" name="test_timeseries_invalid_metric" time="0.118" /><testcase classname="backend.tests.test_lolodrive_iter4.TestCrmPatches" name="test_update_opp_stage" time="0.359" /><testcase classname="backend.tests.test_lolodrive_iter4.TestCrmPatches" name="test_update_opp_stage_missing_body" time="0.216" /><testcase classname="backend.tests.test_lolodrive_iter4.TestCrmPatches" name="test_update_task_status_done" time="0.250" /><testcase classname="backend.tests.test_lolodrive_iter4.TestCrmPatches" name="test_update_task_status_invalid" time="0.212" /><testcase classname="backend.tests.test_lolodrive_iter4.TestCrmPatches" name="test_update_dossier_status" time="0.211" /><testcase classname="backend.tests.test_lolodrive_iter3.TestStripeCheckout" name="test_pass_session_creates" time="0.458" /><testcase classname="backend.tests.test_lolodrive_iter3.TestStripeCheckout" name="test_recharge_session_active_pass" time="0.112" /><testcase classname="backend.tests.test_lolodrive_iter3.TestStripeCheckout" name="test_recharge_session_invalid_pack" time="0.122" /><testcase classname="backend.tests.test_lolodrive_iter3.TestStripeCheckout" name="test_order_session_for_pending" time="0.213" /><testcase classname="backend.tests.test_lolodrive_iter3.TestStripeCheckout" name="test_status_endpoint" time="0.229" /><testcase classname="backend.tests.test_lolodrive_iter3.TestWebhook" name="test_webhook_route_exists" time="0.121" /><testcase classname="backend.tests.test_lolodrive_iter3.TestPosCancel" name="test_cancel_with_refund_uc" time="0.777" /><testcase classname="backend.tests.test_lolodrive_iter3.TestPosCancel" name="test_cancel_without_refund" time="0.450" /><testcase classname="backend.tests.test_lolodrive_iter3.TestPosCancel" name="test_cancel_invalid_status" time="0.543" /><testcase classname="backend.tests.test_lolodrive_iter3.TestAdminKpiDashboard" name="test_dashboard_kpis" time="0.127" /><testcase classname="backend.tests.test_lolodrive_iter3.TestWebSocket" name="test_ws_connect_and_welcome" time="0.198" /><testcase classname="backend.tests.test_lolodrive_oscoop.TestAuth" name="test_admin_login" time="0.324" /><testcase classname="backend.tests.test_lolodrive_oscoop.TestAuth" name="test_marie_login" time="0.322" /><testcase classname="backend.tests.test_lolodrive_oscoop.TestLolodriveHealth" name="test_health" time="0.102" /><testcase classname="backend.tests.test_lolodrive_oscoop.TestPassWallet" name="test_marie_pass_active" time="0.460" /><testcase classname="backend.tests.test_lolodrive_oscoop.TestPassWallet" name="test_marie_wallet_ledger" time="0.109" /><testcase classname="backend.tests.test_lolodrive_oscoop.TestCatalog" name="test_products_list" time="0.113" /><testcase classname="backend.tests.test_lolodrive_oscoop.TestCatalog" name="test_catalog_quote" time="0.211" /><testcase classname="backend.tests.test_lolodrive_oscoop.TestOrders" name="test_my_orders_marie" time="0.105" /><testcase classname="backend.tests.test_lolodrive_oscoop.TestOrders" name="test_create_order_drive" time="0.225" /><testcase classname="backend.tests.test_lolodrive_oscoop.TestOrders" name="test_pay_uc_decrements_wallet" time="0.525" /><testcase classname="backend.tests.test_lolodrive_oscoop.TestPOS" name="test_pos_orders_list" time="0.466" /><testcase classname="backend.tests.test_lolodrive_oscoop.TestPOS" name="test_pos_filter_status" time="0.127" /><testcase classname="backend.tests.test_lolodrive_oscoop.TestPOS" name="test_pos_status_transition_to_fulfilled" time="0.704" /><testcase classname="backend.tests.test_lolodrive_oscoop.TestLoloPoints" name="test_list_points" time="0.106" /><testcase classname="backend.tests.test_lolodrive_oscoop.TestLoloPoints" name="test_payout_preview" time="0.223" /><testcase classname="backend.tests.test_lolodrive_oscoop.TestEvents" name="test_active_events" time="0.110" /><testcase classname="backend.tests.test_lolodrive_oscoop.TestAdminKPI" name="test_kpi_overview" time="0.129" /><testcase classname="backend.tests.test_lolodrive_oscoop.TestCRM" name="test_impact_summary" time="0.113" /><testcase classname="backend.tests.test_lolodrive_oscoop.TestCRM" name="test_contacts_seed" time="0.124" /><testcase classname="backend.tests.test_lolodrive_oscoop.TestCRM" name="test_organizations_seed" time="0.111" /><testcase classname="backend.tests.test_lolodrive_oscoop.TestCRM" name="test_opportunities_seed" time="0.110" /><testcase classname="backend.tests.test_lolodrive_oscoop.TestCRM" name="test_dossiers_seed" time="0.100" /><testcase classname="backend.tests.test_lolodrive_oscoop.TestCRM" name="test_tasks_seed" time="0.120" /><testcase classname="backend.tests.test_lolodrive_oscoop.TestCRM" name="test_rebuild_from_lolodrive" time="0.114" /><testcase classname="backend.tests.test_lolodrive_oscoop.TestDemoEndpoints" name="test_simulate_pass_activation" time="0.218" /><testcase classname="backend.tests.test_lolodrive_oscoop.TestDemoEndpoints" name="test_my_savings" time="0.120" /><testcase classname="backend.tests.test_lolodrive_oscoop.TestDemoEndpoints" name="test_simulate_order_payment" time="0.354" /><testcase classname="backend.tests.test_lolodrive_oscoop.TestKPIPeriods" name="test_kpi_7d" time="0.129" /><testcase classname="backend.tests.test_lolodrive_oscoop.TestKPIPeriods" name="test_kpi_30d" time="0.119" /><testcase classname="backend.tests.test_lolodrive_oscoop.TestKPIPeriods" name="test_kpi_90d" time="0.161" /></testsuite></testsuites>