<?xml version="1.0" encoding="utf-8"?><testsuites name="pytest tests"><testsuite name="pytest" errors="0" failures="0" skipped="0" tests="15" time="2.589" timestamp="2026-07-18T10:31:53.956603+00:00" hostname="agent-env-97b0323d-2c24-4ffc-a5ba-75aebc697a04"><testcase classname="backend.tests.test_iter42_cooper_partnership.TestCooperEspace" name="test_cooper_adhesions_list" time="0.428" /><testcase classname="backend.tests.test_iter42_cooper_partnership.TestCooperEspace" name="test_cooper_carriers_list_has_transcaraibes" time="0.045" /><testcase classname="backend.tests.test_iter42_cooper_partnership.TestCooperEspace" name="test_cooper_cannot_create_carrier" time="0.042" /><testcase classname="backend.tests.test_iter42_cooper_partnership.TestCooperEspace" name="test_buyer_cannot_list_adhesions" time="0.370" /><testcase classname="backend.tests.test_iter42_cooper_partnership.TestCooperEspace" name="test_admin_create_carrier_and_cooper_assign" time="0.484" /><testcase classname="backend.tests.test_iter42_cooper_partnership.TestPartnership" name="test_public_submit_no_auth" time="0.568" /><testcase classname="backend.tests.test_iter42_cooper_partnership.TestPartnership" name="test_non_admin_cannot_list_requests" time="0.048" /><testcase classname="backend.tests.test_iter42_cooper_partnership.TestPartnership" name="test_admin_list_requests" time="0.047" /><testcase classname="backend.tests.test_iter42_cooper_partnership.TestPartnership" name="test_admin_change_status_recue_to_en_negociation" time="0.046" /><testcase classname="backend.tests.test_iter42_cooper_partnership.TestPartnership" name="test_admin_coopers_list" time="0.041" /><testcase classname="backend.tests.test_iter42_cooper_partnership.TestRegistry" name="test_export_csv" time="0.044" /><testcase classname="backend.tests.test_iter42_cooper_partnership.TestRegistry" name="test_export_pdf" time="0.049" /><testcase classname="backend.tests.test_iter42_cooper_partnership.TestRegistry" name="test_suspend_and_reactivate" time="0.091" /><testcase classname="backend.tests.test_iter42_cooper_partnership.TestRegistry" name="test_suspend_requires_reason" time="0.042" /><testcase classname="backend.tests.test_iter42_cooper_partnership.TestBuyerNonRegression" name="test_buyer_can_view_catalog" time="0.096" /></testsuite></testsuites>