<?xml version="1.0" encoding="utf-8"?><testsuites name="pytest tests"><testsuite name="pytest" errors="0" failures="1" skipped="0" tests="8" time="1.990" timestamp="2026-05-22T06:32:38.870827+00:00" hostname="agent-env-97b0323d-2c24-4ffc-a5ba-75aebc697a04"><testcase classname="tests.test_iter9_sprint" name="test_status_without_auth_returns_401" time="0.129" /><testcase classname="tests.test_iter9_sprint" name="test_status_with_marie" time="0.483" /><testcase classname="tests.test_iter9_sprint" name="test_checkout_with_marie" time="0.353" /><testcase classname="tests.test_iter9_sprint" name="test_cancel_without_active_sub" time="0.102" /><testcase classname="tests.test_iter9_sprint" name="test_webhook_invoice_paid_idempotent" time="0.168"><failure message="AssertionError: Internal Server Error&#10;assert 500 == 200&#10; +  where 500 = &lt;Response [500]&gt;.status_code">E   AssertionError: Internal Server Error
    assert 500 == 200
     +  where 500 = &lt;Response [500]&gt;.status_code</failure></testcase><testcase classname="tests.test_iter9_sprint" name="test_webhook_subscription_deleted" time="0.112" /><testcase classname="tests.test_iter9_sprint" name="test_iter8_stripe_mode_endpoint" time="0.473" /><testcase classname="tests.test_iter9_sprint" name="test_lolo_points_listing" time="0.095" /></testsuite></testsuites>