<?xml version="1.0" encoding="utf-8"?><testsuites name="pytest tests"><testsuite name="pytest" errors="0" failures="0" skipped="0" tests="8" time="2.087" timestamp="2026-05-22T14:48:05.444678+00:00" hostname="agent-env-97b0323d-2c24-4ffc-a5ba-75aebc697a04"><testcase classname="backend.tests.test_iter10_stripe_multiaccount.TestStripeMultiAccountCheckout" name="test_pass_session_uses_oscop_account" time="1.512" /><testcase classname="backend.tests.test_iter10_stripe_multiaccount.TestStripeMultiAccountCheckout" name="test_order_session_uses_kdmarche_account" time="0.151" /><testcase classname="backend.tests.test_iter10_stripe_multiaccount.TestStripeMultiAccountCheckout" name="test_recharge_session_uses_oscop_account" time="0.099" /><testcase classname="backend.tests.test_iter10_stripe_multiaccount.TestStatusAuthorization" name="test_status_requires_auth" time="0.055" /><testcase classname="backend.tests.test_iter10_stripe_multiaccount.TestStatusAuthorization" name="test_status_unknown_session" time="0.046" /><testcase classname="backend.tests.test_iter10_stripe_multiaccount.TestStripeWebhook" name="test_webhook_invalid_signature_returns_400" time="0.051" /><testcase classname="backend.tests.test_iter10_stripe_multiaccount.TestStripeWebhook" name="test_webhook_bogus_signature_returns_400" time="0.046" /><testcase classname="backend.tests.test_iter10_stripe_multiaccount.TestGoogleOAuth" name="test_google_login_redirects_to_accounts_google" time="0.050" /></testsuite></testsuites>