<?xml version="1.0" encoding="utf-8"?><testsuites name="pytest tests"><testsuite name="pytest" errors="0" failures="0" skipped="0" tests="10" time="1.911" timestamp="2026-07-16T23:59:32.603453+00:00" hostname="agent-env-97b0323d-2c24-4ffc-a5ba-75aebc697a04"><testcase classname="backend.tests.test_iter25_review_regression.TestSchemaCatalogReexports" name="test_v2_catalog_products" time="0.494" /><testcase classname="backend.tests.test_iter25_review_regression.TestSchemaCatalogReexports" name="test_v2_catalog_categories" time="0.044" /><testcase classname="backend.tests.test_iter25_review_regression.TestSchemaCatalogReexports" name="test_v2_cart_and_orders_list" time="0.096" /><testcase classname="backend.tests.test_iter25_review_regression.TestSchemaCatalogReexports" name="test_v2_add_to_cart_then_get_cart" time="0.149" /><testcase classname="backend.tests.test_iter25_review_regression.TestLogiscopImports" name="test_pickup_locations" time="0.108" /><testcase classname="backend.tests.test_iter25_review_regression.TestLogiscopImports" name="test_rates_includes_per_m3" time="0.145" /><testcase classname="backend.tests.test_iter25_review_regression.TestLogiscopImports" name="test_delivery_quote_uses_per_m3" time="0.152" /><testcase classname="backend.tests.test_iter25_review_regression.TestPaymentImports" name="test_packages" time="0.169" /><testcase classname="backend.tests.test_iter25_review_regression.TestPaymentImports" name="test_bank_details" time="0.111" /><testcase classname="backend.tests.test_iter25_review_regression.TestAdminAuth" name="test_admin_me" time="0.363" /></testsuite></testsuites>