<?xml version="1.0" encoding="utf-8"?><testsuites name="pytest tests"><testsuite name="pytest" errors="0" failures="0" skipped="0" tests="7" time="3.126" timestamp="2026-09-06T18:05:23.314570+00:00" hostname="agent-env-09ac7544-25ed-4da3-a185-8753a4ef3175"><testcase classname="backend.tests.test_iter82_lot_features.TestCommunityBoard" name="test_public_board_has_joiners_fields" time="0.187" /><testcase classname="backend.tests.test_iter82_lot_features.TestCommunityBoard" name="test_join_success_and_duplicate_and_404" time="0.507" /><testcase classname="backend.tests.test_iter82_lot_features.TestCommunityPlaceCSV" name="test_csv_export_admin" time="0.545" /><testcase classname="backend.tests.test_iter82_lot_features.TestLolodriveVisitorCatalog" name="test_public_no_auth_returns_visitor_products_no_prices" time="0.174" /><testcase classname="backend.tests.test_iter82_lot_features.TestVisitorVisibility" name="test_list_and_toggle" time="0.806" /><testcase classname="backend.tests.test_iter82_lot_features.TestProCatalogVisitor" name="test_visitor_only_flagged_no_prices" time="0.137" /><testcase classname="backend.tests.test_iter82_lot_features.TestProCatalogVisitor" name="test_buyer_pro_gets_full_catalog" time="0.681" /></testsuite></testsuites>