<?xml version="1.0" encoding="utf-8"?><testsuites name="pytest tests"><testsuite name="pytest" errors="0" failures="0" skipped="0" tests="4" time="1.601" timestamp="2026-09-05T15:50:16.534508+00:00" hostname="agent-env-09ac7544-25ed-4da3-a185-8753a4ef3175"><testcase classname="backend.tests.test_iter80_stock_alerts_history" name="test_stock_endpoints_require_auth" time="0.474" /><testcase classname="backend.tests.test_iter80_stock_alerts_history" name="test_low_stock_alert_triggered_and_reset" time="0.793" /><testcase classname="backend.tests.test_iter80_stock_alerts_history" name="test_stock_history_entries" time="0.114" /><testcase classname="backend.tests.test_iter80_stock_alerts_history" name="test_final_martinique_is_40" time="0.097" /></testsuite></testsuites>