<?xml version="1.0" encoding="utf-8"?><testsuites name="pytest tests"><testsuite name="pytest" errors="0" failures="0" skipped="0" tests="15" time="2.824" timestamp="2026-07-20T02:16:31.863835+00:00" hostname="agent-env-97b0323d-2c24-4ffc-a5ba-75aebc697a04"><testcase classname="tests.test_iter59_buyer_tools.TestFreightRates" name="test_get_rates" time="0.540" /><testcase classname="tests.test_iter59_buyer_tools.TestFreightRates" name="test_rates_requires_auth" time="0.155" /><testcase classname="tests.test_iter59_buyer_tools.TestFreightSimulate" name="test_gp_mq_500kg_2m3" time="0.054" /><testcase classname="tests.test_iter59_buyer_tools.TestFreightSimulate" name="test_express_multiplier" time="0.049" /><testcase classname="tests.test_iter59_buyer_tools.TestFreightSimulate" name="test_same_origin_destination" time="0.053" /><testcase classname="tests.test_iter59_buyer_tools.TestFreightSimulate" name="test_zero_weight_and_volume" time="0.055" /><testcase classname="tests.test_iter59_buyer_tools.TestFreightSimulate" name="test_unknown_territory" time="0.049" /><testcase classname="tests.test_iter59_buyer_tools.TestFreightRateUpdate" name="test_admin_can_update_rate" time="0.514" /><testcase classname="tests.test_iter59_buyer_tools.TestFreightRateUpdate" name="test_buyer_cannot_update_rate" time="0.051" /><testcase classname="tests.test_iter59_buyer_tools.TestComparator" name="test_candidates_lists_seeded_and_linked" time="0.162" /><testcase classname="tests.test_iter59_buyer_tools.TestComparator" name="test_compare_ok" time="0.049" /><testcase classname="tests.test_iter59_buyer_tools.TestComparator" name="test_compare_same_id" time="0.048" /><testcase classname="tests.test_iter59_buyer_tools.TestComparator" name="test_compare_unknown_id" time="0.050" /><testcase classname="tests.test_iter59_buyer_tools.TestDemandForecast" name="test_forecast_shape_and_transport" time="0.055" /><testcase classname="tests.test_iter59_buyer_tools.TestCampaignAlerts" name="test_alert_created_flag_set_and_idempotent" time="0.773" /></testsuite></testsuites>