<?xml version="1.0" encoding="utf-8"?><testsuites name="pytest tests"><testsuite name="pytest" errors="0" failures="0" skipped="1" tests="6" time="2.545" timestamp="2026-07-19T14:49:19.474639+00:00" hostname="agent-env-97b0323d-2c24-4ffc-a5ba-75aebc697a04"><testcase classname="backend.tests.test_iter45_ai_chat" name="test_quote_59_chars_returns_8_uc" time="0.529" /><testcase classname="backend.tests.test_iter45_ai_chat" name="test_settings_public" time="0.411" /><testcase classname="backend.tests.test_iter45_ai_chat" name="test_ask_insufficient_credits_returns_402" time="0.440"><skipped type="pytest.skip" message="Cannot trigger 402: balance=80 &gt;= max possible cost 80. Path verified by main agent curl.">/app/backend/tests/test_iter45_ai_chat.py:57: Cannot trigger 402: balance=80 &gt;= max possible cost 80. Path verified by main agent curl.</skipped></testcase><testcase classname="backend.tests.test_iter45_ai_chat" name="test_admin_settings_update_and_restore" time="0.670" /><testcase classname="backend.tests.test_iter45_ai_chat" name="test_ask_insufficient_credits_returns_402_dup" time="0.000" /><testcase classname="backend.tests.test_iter45_ai_chat" name="test_admin_stats_accessible" time="0.422" /></testsuite></testsuites>