<?xml version="1.0" encoding="utf-8"?><testsuites name="pytest tests"><testsuite name="pytest" errors="0" failures="1" skipped="0" tests="15" time="4.022" timestamp="2026-05-22T06:16:26.356567+00:00" hostname="agent-env-97b0323d-2c24-4ffc-a5ba-75aebc697a04"><testcase classname="backend.tests.test_iter7_sprint.TestBrevoMetricsDaysFilter" name="test_days_clamps_to_min_1" time="0.365" /><testcase classname="backend.tests.test_iter7_sprint.TestBrevoMetricsDaysFilter" name="test_days_clamps_to_max_365" time="0.116" /><testcase classname="backend.tests.test_iter7_sprint.TestBrevoMetricsDaysFilter" name="test_days_1_vs_30_today_events_equal" time="0.377" /><testcase classname="backend.tests.test_iter7_sprint.TestAutoRenewBatch" name="test_non_admin_403" time="0.436" /><testcase classname="backend.tests.test_iter7_sprint.TestAutoRenewBatch" name="test_returns_dict_with_sent_skipped" time="0.512" /><testcase classname="backend.tests.test_iter7_sprint.TestAutoRenewBatch" name="test_marie_pass_in_window_sends_email" time="1.374" /><testcase classname="backend.tests.test_iter7_sprint.TestAutoRenewBatch" name="test_batch_throttle_replay" time="0.114" /><testcase classname="backend.tests.test_iter7_sprint.TestWalletLedgerIdempotency" name="test_unique_index_present" time="0.003" /><testcase classname="backend.tests.test_iter7_sprint.TestWalletLedgerIdempotency" name="test_upsert_3x_replay_credits_once" time="0.005" /><testcase classname="backend.tests.test_iter7_sprint.TestLandingMetaTags" name="test_og_meta_present" time="0.114" /><testcase classname="backend.tests.test_iter7_sprint.TestLandingMetaTags" name="test_twitter_meta_present" time="0.101" /><testcase classname="backend.tests.test_iter7_sprint.TestLandingMetaTags" name="test_title_contains_communityplace" time="0.101" /><testcase classname="backend.tests.test_iter7_sprint.TestLandingMetaTags" name="test_meta_description_mentions_lolodrive" time="0.103" /><testcase classname="backend.tests.test_iter7_sprint.TestLandingMetaTags" name="test_og_image_unsplash_200" time="0.098"><failure message="AssertionError: assert 'unsplash' in 'https://customer-assets.emergentagent.com/job_coop-dashboard-8/artifacts/o39a4kp9_charte%20graphique%20premium%20kdmlolo.png'&#10; +  where 'https://customer-assets.emergentagent.com/job_coop-dashboard-8/artifacts/o39a4kp9_charte%20graphique%20premium%20kdmlolo.png' = &lt;built-in method lower of str object at 0xffb5d597b5d0&gt;()&#10; +    where &lt;built-in method lower of str object at 0xffb5d597b5d0&gt; = 'https://customer-assets.emergentagent.com/job_coop-dashboard-8/artifacts/o39a4kp9_CHARTE%20GRAPHIQUE%20PREMIUM%20KDMLOLO.png'.lower">backend/tests/test_iter7_sprint.py:301: in test_og_image_unsplash_200
    assert "unsplash" in og_url.lower()
E   AssertionError: assert 'unsplash' in 'https://customer-assets.emergentagent.com/job_coop-dashboard-8/artifacts/o39a4kp9_charte%20graphique%20premium%20kdmlolo.png'
E    +  where 'https://customer-assets.emergentagent.com/job_coop-dashboard-8/artifacts/o39a4kp9_charte%20graphique%20premium%20kdmlolo.png' = &lt;built-in method lower of str object at 0xffb5d597b5d0&gt;()
E    +    where &lt;built-in method lower of str object at 0xffb5d597b5d0&gt; = 'https://customer-assets.emergentagent.com/job_coop-dashboard-8/artifacts/o39a4kp9_CHARTE%20GRAPHIQUE%20PREMIUM%20KDMLOLO.png'.lower</failure></testcase><testcase classname="backend.tests.test_iter7_sprint.TestReferralRegression" name="test_referral_me_returns_marie_code" time="0.110" /></testsuite></testsuites>