<?xml version="1.0" encoding="utf-8"?><testsuites name="pytest tests"><testsuite name="pytest" errors="0" failures="0" skipped="0" tests="8" time="5.322" timestamp="2026-09-05T16:33:59.212477+00:00" hostname="agent-env-09ac7544-25ed-4da3-a185-8753a4ef3175"><testcase classname="backend.tests.test_iter81_restock_reservations" name="test_restock_alert_requires_auth" time="0.355" /><testcase classname="backend.tests.test_iter81_restock_reservations" name="test_restock_alert_404_unknown_product" time="0.568" /><testcase classname="backend.tests.test_iter81_restock_reservations" name="test_restock_alert_toggle" time="0.515" /><testcase classname="backend.tests.test_iter81_restock_reservations" name="test_restock_alerts_mine_list" time="0.252" /><testcase classname="backend.tests.test_iter81_restock_reservations" name="test_admin_restock_triggers_notification" time="2.340" /><testcase classname="backend.tests.test_iter81_restock_reservations" name="test_cart_reservation_flow" time="0.263" /><testcase classname="backend.tests.test_iter81_restock_reservations" name="test_cart_delete_releases_reservation" time="0.242" /><testcase classname="backend.tests.test_iter81_restock_reservations" name="test_zzz_restore_state" time="0.536" /></testsuite></testsuites>