<?xml version="1.0" encoding="utf-8"?><testsuites name="pytest tests"><testsuite name="pytest" errors="0" failures="0" skipped="0" tests="17" time="2.450" timestamp="2026-07-20T04:59:28.522840+00:00" hostname="agent-env-97b0323d-2c24-4ffc-a5ba-75aebc697a04"><testcase classname="backend.tests.test_iter64_lot13.TestMissionStatus" name="test_missions_available" time="0.473" /><testcase classname="backend.tests.test_iter64_lot13.TestMissionStatus" name="test_livree_before_prise_returns_409" time="0.047" /><testcase classname="backend.tests.test_iter64_lot13.TestMissionStatus" name="test_prise_en_charge_ok" time="0.046" /><testcase classname="backend.tests.test_iter64_lot13.TestMissionStatus" name="test_re_prise_tolere_or_ok" time="0.045" /><testcase classname="backend.tests.test_iter64_lot13.TestMissionStatus" name="test_livree_ok" time="0.046" /><testcase classname="backend.tests.test_iter64_lot13.TestMissionStatus" name="test_re_livree_returns_409" time="0.044" /><testcase classname="backend.tests.test_iter64_lot13.TestMissionStatus" name="test_invalid_status_400" time="0.044" /><testcase classname="backend.tests.test_iter64_lot13.TestMissionStatus" name="test_buyer_forbidden_403" time="0.387" /><testcase classname="backend.tests.test_iter64_lot13.TestMissionStatus" name="test_buyer_orders_include_logistics" time="0.050" /><testcase classname="backend.tests.test_iter64_lot13.TestAuditCSV" name="test_export_csv_admin" time="0.392" /><testcase classname="backend.tests.test_iter64_lot13.TestAuditCSV" name="test_export_csv_filtered" time="0.047" /><testcase classname="backend.tests.test_iter64_lot13.TestAuditCSV" name="test_export_csv_buyer_403" time="0.052" /><testcase classname="backend.tests.test_iter64_lot13.TestPartnerDecisionEmail" name="test_find_marie_durand" time="0.046" /><testcase classname="backend.tests.test_iter64_lot13.TestPartnerDecisionEmail" name="test_accept_ok" time="0.501" /><testcase classname="backend.tests.test_iter64_lot13.TestPartnerDecisionEmail" name="test_invalid_status_400" time="0.043" /><testcase classname="backend.tests.test_iter64_lot13.TestPartnerDecisionEmail" name="test_unknown_id_404" time="0.045" /><testcase classname="backend.tests.test_iter64_lot13.TestPartnerDecisionEmail" name="test_reset_to_encours" time="0.047" /></testsuite></testsuites>