<?xml version="1.0" encoding="utf-8"?><testsuites name="pytest tests"><testsuite name="pytest" errors="0" failures="0" skipped="0" tests="21" time="9.978" timestamp="2026-09-09T12:19:19.378564+00:00" hostname="agent-env-09ac7544-25ed-4da3-a185-8753a4ef3175"><testcase classname="tests.test_iter86_financing_and_reminders.TestFinancingAuth" name="test_admin_list_requires_auth" time="0.242" /><testcase classname="tests.test_iter86_financing_and_reminders.TestFinancingAuth" name="test_admin_create_requires_auth" time="0.158" /><testcase classname="tests.test_iter86_financing_and_reminders.TestFinancingAuth" name="test_investor_list_requires_auth" time="0.147" /><testcase classname="tests.test_iter86_financing_and_reminders.TestFinancingValidations" name="test_create_negative_price_422" time="0.564" /><testcase classname="tests.test_iter86_financing_and_reminders.TestFinancingValidations" name="test_create_zero_price_422" time="0.197" /><testcase classname="tests.test_iter86_financing_and_reminders.TestFinancingValidations" name="test_create_margin_too_high_422" time="0.167" /><testcase classname="tests.test_iter86_financing_and_reminders.TestFinancingValidations" name="test_create_missing_name_400" time="0.124" /><testcase classname="tests.test_iter86_financing_and_reminders.TestFinancingValidations" name="test_update_404_unknown" time="0.132" /><testcase classname="tests.test_iter86_financing_and_reminders.TestFinancingValidations" name="test_delete_404_unknown" time="0.147" /><testcase classname="tests.test_iter86_financing_and_reminders.TestFinancingCrud" name="test_update_recalculates_total" time="0.310" /><testcase classname="tests.test_iter86_financing_and_reminders.TestFinancingCrud" name="test_investor_list_hides_sensitive_fields" time="0.500" /><testcase classname="tests.test_iter86_financing_and_reminders.TestFinancingCrud" name="test_non_investor_forbidden" time="0.469" /><testcase classname="tests.test_iter86_financing_and_reminders.TestFinancingCrud" name="test_investor_pay_returns_checkout" time="1.160" /><testcase classname="tests.test_iter86_financing_and_reminders.TestFinancingCrud" name="test_webhook_marks_paid_and_idempotent" time="3.158" /><testcase classname="tests.test_iter86_financing_and_reminders.TestFinancingCrud" name="test_update_after_paid_409" time="0.143" /><testcase classname="tests.test_iter86_financing_and_reminders.TestFinancingCrud" name="test_delete_after_paid_409" time="0.145" /><testcase classname="tests.test_iter86_financing_and_reminders.TestFinancingCrud" name="test_pay_after_paid_409" time="0.284" /><testcase classname="tests.test_iter86_financing_and_reminders.TestVendorListings" name="test_my_listings_requires_auth" time="0.155" /><testcase classname="tests.test_iter86_financing_and_reminders.TestVendorListings" name="test_my_listings_ok" time="0.488" /><testcase classname="tests.test_iter86_financing_and_reminders.TestVendorListings" name="test_pay_link_404_wrong_owner" time="0.149" /><testcase classname="tests.test_iter86_financing_and_reminders" name="test_communityplace_reminder_48h" time="1.052" /></testsuite></testsuites>