<?xml version="1.0" encoding="utf-8"?><testsuites name="pytest tests"><testsuite name="pytest" errors="0" failures="0" skipped="0" tests="13" time="13.579" timestamp="2026-07-22T00:46:40.342585+00:00" hostname="agent-env-97b0323d-2c24-4ffc-a5ba-75aebc697a04"><testcase classname="backend.tests.test_iter69_cod_admin_sms_ventia_weekly.TestCodAdmin" name="test_list_cod_orders_no_admin" time="0.240" /><testcase classname="backend.tests.test_iter69_cod_admin_sms_ventia_weekly.TestCodAdmin" name="test_list_cod_orders_admin" time="0.458" /><testcase classname="backend.tests.test_iter69_cod_admin_sms_ventia_weekly.TestCodAdmin" name="test_collected_flow_synthetic_order" time="0.248" /><testcase classname="backend.tests.test_iter69_cod_admin_sms_ventia_weekly.TestCodAdmin" name="test_collected_non_cod_returns_400" time="0.128" /><testcase classname="backend.tests.test_iter69_cod_admin_sms_ventia_weekly.TestCodReminders" name="test_process_cod_reminders" time="0.245" /><testcase classname="backend.tests.test_iter69_cod_admin_sms_ventia_weekly.TestOrderStatusSms" name="test_send_order_status_sms_direct" time="0.002" /><testcase classname="backend.tests.test_iter69_cod_admin_sms_ventia_weekly.TestOrderStatusSms" name="test_admin_update_status_triggers_sms" time="1.646" /><testcase classname="backend.tests.test_iter69_cod_admin_sms_ventia_weekly.TestVentiaImage" name="test_product_image_disabled" time="0.597" /><testcase classname="backend.tests.test_iter69_cod_admin_sms_ventia_weekly.TestVentiaImage" name="test_product_image_empty_name" time="0.211" /><testcase classname="backend.tests.test_iter69_cod_admin_sms_ventia_weekly.TestVentiaImage" name="test_product_image_enabled_generates" time="9.262" /><testcase classname="backend.tests.test_iter69_cod_admin_sms_ventia_weekly.TestWeeklyHistory" name="test_history_no_admin" time="0.145" /><testcase classname="backend.tests.test_iter69_cod_admin_sms_ventia_weekly.TestWeeklyHistory" name="test_history_admin" time="0.118" /><testcase classname="backend.tests.test_iter69_cod_admin_sms_ventia_weekly.TestCleanup" name="test_restore_agents_off" time="0.107" /></testsuite></testsuites>