<?xml version="1.0" encoding="utf-8"?><testsuites name="pytest tests"><testsuite name="pytest" errors="0" failures="0" skipped="1" tests="17" time="7.077" timestamp="2026-07-16T16:53:55.125723+00:00" hostname="agent-env-97b0323d-2c24-4ffc-a5ba-75aebc697a04"><testcase classname="backend.tests.test_auth_cookie_migration" name="test_login_sets_httponly_cookie" time="0.674" /><testcase classname="backend.tests.test_auth_cookie_migration" name="test_me_with_cookie_only" time="0.413" /><testcase classname="backend.tests.test_auth_cookie_migration" name="test_me_with_bearer_legacy" time="0.458" /><testcase classname="backend.tests.test_auth_cookie_migration" name="test_me_without_credentials_401" time="0.131" /><testcase classname="backend.tests.test_auth_cookie_migration" name="test_logout_clears_cookie" time="0.466" /><testcase classname="backend.tests.test_auth_cookie_migration.TestBuyerCookieAccess" name="test_orders" time="0.394" /><testcase classname="backend.tests.test_auth_cookie_migration.TestBuyerCookieAccess" name="test_favorites" time="0.395" /><testcase classname="backend.tests.test_auth_cookie_migration.TestBuyerCookieAccess" name="test_shopping_lists" time="0.391" /><testcase classname="backend.tests.test_auth_cookie_migration.TestBuyerCookieAccess" name="test_catalog_products" time="0.405" /><testcase classname="backend.tests.test_auth_cookie_migration.TestBuyerCookieAccess" name="test_categories" time="0.377" /><testcase classname="backend.tests.test_auth_cookie_migration.TestBuyerCookieAccess" name="test_buyer_dashboard" time="0.555"><skipped type="pytest.skip" message="No buyer dashboard endpoint found: [('/api/buyer/dashboard', 404), ('/api/dashboard/buyer', 404), ('/api/me/dashboard', 404)]">/app/backend/tests/test_auth_cookie_migration.py:140: No buyer dashboard endpoint found: [('/api/buyer/dashboard', 404), ('/api/dashboard/buyer', 404), ('/api/me/dashboard', 404)]</skipped></testcase><testcase classname="backend.tests.test_auth_cookie_migration.TestAdminCookieAccess" name="test_admin_me" time="0.381" /><testcase classname="backend.tests.test_auth_cookie_migration.TestAdminCookieAccess" name="test_admin_plans" time="0.419" /><testcase classname="backend.tests.test_auth_cookie_migration.TestAdminCookieAccess" name="test_admin_plans_options" time="0.372" /><testcase classname="backend.tests.test_auth_cookie_migration.TestAdminCookieAccess" name="test_admin_products" time="0.397" /><testcase classname="backend.tests.test_auth_cookie_migration.TestAdminCookieAccess" name="test_admin_stats" time="0.378" /><testcase classname="backend.tests.test_auth_cookie_migration.TestAdminCookieAccess" name="test_admin_v2_applications" time="0.367" /></testsuite></testsuites>