<?xml version="1.0" encoding="utf-8"?><testsuites name="pytest tests"><testsuite name="pytest" errors="0" failures="0" skipped="0" tests="14" time="3.455" timestamp="2026-07-19T19:40:47.058910+00:00" hostname="agent-env-97b0323d-2c24-4ffc-a5ba-75aebc697a04"><testcase classname="tests.test_iter48_communityplace" name="test_compute_vat_module" time="0.000" /><testcase classname="tests.test_iter48_communityplace" name="test_public_member_profiles" time="0.261" /><testcase classname="tests.test_iter48_communityplace" name="test_admin_member_profiles_crud" time="0.623" /><testcase classname="tests.test_iter48_communityplace" name="test_vendor_onboarding_start_vat[GP-8.5]" time="0.789" /><testcase classname="tests.test_iter48_communityplace" name="test_vendor_onboarding_start_vat[FR-20.0]" time="0.624" /><testcase classname="tests.test_iter48_communityplace" name="test_vendor_onboarding_start_vat[US-0.0]" time="0.449" /><testcase classname="tests.test_iter48_communityplace" name="test_admin_funnel" time="0.113" /><testcase classname="tests.test_iter48_communityplace" name="test_admin_export_csv" time="0.052" /><testcase classname="tests.test_iter48_communityplace" name="test_accounting_journal" time="0.056" /><testcase classname="tests.test_iter48_communityplace" name="test_accounting_export_csv" time="0.056" /><testcase classname="tests.test_iter48_communityplace" name="test_admin_plans_target_profiles" time="0.170" /><testcase classname="tests.test_iter48_communityplace" name="test_build_convention_pdf_pages" time="0.153" /><testcase classname="tests.test_iter48_communityplace" name="test_weekly_report_weekday_guard" time="0.004" /><testcase classname="tests.test_iter48_communityplace" name="test_cleanup_test_adhesions" time="0.004" /></testsuite></testsuites>