<?xml version="1.0" encoding="utf-8"?><testsuites name="pytest tests"><testsuite name="pytest" errors="0" failures="0" skipped="0" tests="10" time="12.600" timestamp="2026-07-16T19:48:09.106617+00:00" hostname="agent-env-97b0323d-2c24-4ffc-a5ba-75aebc697a04"><testcase classname="backend.tests.test_iter23_connectors_favorites.TestConnectors" name="test_list_connectors" time="0.505" /><testcase classname="backend.tests.test_iter23_connectors_favorites.TestConnectors" name="test_ged_health" time="1.185" /><testcase classname="backend.tests.test_iter23_connectors_favorites.TestConnectors" name="test_sync_events_list_and_counts" time="0.058" /><testcase classname="backend.tests.test_iter23_connectors_favorites.TestConnectors" name="test_sync_events_filter_error" time="0.056" /><testcase classname="backend.tests.test_iter23_connectors_favorites.TestConnectors" name="test_retry_existing_error_event" time="0.390" /><testcase classname="backend.tests.test_iter23_connectors_favorites.TestAdminProtection" name="test_buyer_forbidden_connectors" time="0.460" /><testcase classname="backend.tests.test_iter23_connectors_favorites.TestAdminProtection" name="test_buyer_forbidden_stock_admin" time="0.062" /><testcase classname="backend.tests.test_iter23_connectors_favorites.TestRestockAlert" name="test_restock_flow_and_antispam" time="6.441" /><testcase classname="backend.tests.test_iter23_connectors_favorites.TestPromoAlert" name="test_price_up_no_alert_then_price_down_triggers" time="3.226" /><testcase classname="backend.tests.test_iter23_connectors_favorites.TestPromoAlert" name="test_teardown_restore_price" time="0.059" /></testsuite></testsuites>