<?xml version="1.0" encoding="utf-8"?><testsuites name="pytest tests"><testsuite name="pytest" errors="0" failures="0" skipped="0" tests="13" time="4.120" timestamp="2026-07-18T02:13:05.138377+00:00" hostname="agent-env-97b0323d-2c24-4ffc-a5ba-75aebc697a04"><testcase classname="backend.tests.test_iter35_credit_packs_regression" name="test_login_vendor" time="0.492" /><testcase classname="backend.tests.test_iter35_credit_packs_regression" name="test_login_admin" time="0.361" /><testcase classname="backend.tests.test_iter35_credit_packs_regression" name="test_credit_packs_list_active_three_packs" time="0.097" /><testcase classname="backend.tests.test_iter35_credit_packs_regression" name="test_purchase_returns_stripe_url" time="0.884" /><testcase classname="backend.tests.test_iter35_credit_packs_regression" name="test_payment_transaction_persisted_in_db" time="0.230" /><testcase classname="backend.tests.test_iter35_credit_packs_regression" name="test_status_unpaid_not_applied" time="0.199" /><testcase classname="backend.tests.test_iter35_credit_packs_regression" name="test_status_from_other_user_returns_403" time="0.535" /><testcase classname="backend.tests.test_iter35_credit_packs_regression" name="test_purchase_unknown_pack_returns_404" time="0.103" /><testcase classname="backend.tests.test_iter35_credit_packs_regression" name="test_vendor_credits_balance_is_152" time="0.107" /><testcase classname="backend.tests.test_iter35_credit_packs_regression" name="test_credit_analytics_admin" time="0.414" /><testcase classname="backend.tests.test_iter35_credit_packs_regression" name="test_credit_analytics_non_admin_403" time="0.312" /><testcase classname="backend.tests.test_iter35_credit_packs_regression" name="test_vendor_ai_status" time="0.123" /><testcase classname="backend.tests.test_iter35_credit_packs_regression" name="test_video_job_error_exhausted_balance" time="0.191" /></testsuite></testsuites>