<?xml version="1.0" encoding="utf-8"?><testsuites name="pytest tests"><testsuite name="pytest" errors="0" failures="0" skipped="1" tests="18" time="3.551" timestamp="2026-07-19T20:46:32.133484+00:00" hostname="agent-env-97b0323d-2c24-4ffc-a5ba-75aebc697a04"><testcase classname="backend.tests.test_iter49_new_features.TestMessages" name="test_directory" time="0.406" /><testcase classname="backend.tests.test_iter49_new_features.TestMessages" name="test_send_and_inbox_flow" time="0.691" /><testcase classname="backend.tests.test_iter49_new_features.TestAnnouncements" name="test_create_and_list" time="0.164" /><testcase classname="backend.tests.test_iter49_new_features.TestAnnouncements" name="test_view_increment" time="0.120" /><testcase classname="backend.tests.test_iter49_new_features.TestAnnouncements" name="test_update" time="0.055" /><testcase classname="backend.tests.test_iter49_new_features.TestAnnouncements" name="test_delete" time="0.055" /><testcase classname="backend.tests.test_iter49_new_features.TestFlashPromos" name="test_create_flash_promo" time="0.153" /><testcase classname="backend.tests.test_iter49_new_features.TestFlashPromos" name="test_invalid_dates" time="0.049" /><testcase classname="backend.tests.test_iter49_new_features.TestFlashPromos" name="test_update_and_delete" time="0.104" /><testcase classname="backend.tests.test_iter49_new_features.TestFiscalRegister" name="test_fiscal_register" time="0.055" /><testcase classname="backend.tests.test_iter49_new_features.TestVendorInvoices" name="test_list_invoices" time="0.054" /><testcase classname="backend.tests.test_iter49_new_features.TestVendorInvoices" name="test_pdf_download" time="0.050"><skipped type="pytest.skip" message="No vendor invoices in DB to test PDF download">/app/backend/tests/test_iter49_new_features.py:221: No vendor invoices in DB to test PDF download</skipped></testcase><testcase classname="backend.tests.test_iter49_new_features.TestPartnerConventions" name="test_create" time="0.054" /><testcase classname="backend.tests.test_iter49_new_features.TestPartnerConventions" name="test_list" time="0.051" /><testcase classname="backend.tests.test_iter49_new_features.TestPartnerConventions" name="test_send_and_sign" time="0.657" /><testcase classname="backend.tests.test_iter49_new_features.TestPartnerConventions" name="test_pdf" time="0.052" /><testcase classname="backend.tests.test_iter49_new_features.TestPartnerConventions" name="test_delete_draft" time="0.052" /><testcase classname="backend.tests.test_iter49_new_features.TestVendorOnboarding" name="test_start_with_new_fields" time="0.649" /></testsuite></testsuites>