<?xml version="1.0" encoding="utf-8"?><testsuites name="pytest tests"><testsuite name="pytest" errors="0" failures="0" skipped="0" tests="11" time="4.394" timestamp="2026-07-17T23:59:00.132597+00:00" hostname="agent-env-97b0323d-2c24-4ffc-a5ba-75aebc697a04"><testcase classname="tests.test_iter31_role_spaces_taxonomy.TestTeamOverview" name="test_no_auth_401" time="0.208" /><testcase classname="tests.test_iter31_role_spaces_taxonomy.TestTeamOverview" name="test_cooper_200" time="0.429" /><testcase classname="tests.test_iter31_role_spaces_taxonomy.TestTeamOverview" name="test_buyer_403" time="0.386" /><testcase classname="tests.test_iter31_role_spaces_taxonomy.TestAdminBuyers" name="test_list_and_credits_suspend" time="0.540" /><testcase classname="tests.test_iter31_role_spaces_taxonomy.TestTaxonomy" name="test_public_lists" time="0.199" /><testcase classname="tests.test_iter31_role_spaces_taxonomy.TestTaxonomy" name="test_post_requires_auth" time="0.142" /><testcase classname="tests.test_iter31_role_spaces_taxonomy.TestTaxonomy" name="test_category_create_delete" time="0.501" /><testcase classname="tests.test_iter31_role_spaces_taxonomy.TestTaxonomy" name="test_tva_create_delete" time="0.394" /><testcase classname="tests.test_iter31_role_spaces_taxonomy.TestVendorUploadPDF" name="test_upload_png_then_reject_gif_then_max3" time="0.591" /><testcase classname="tests.test_iter31_role_spaces_taxonomy.TestVendorUploadPDF" name="test_pdf_generation" time="0.120" /><testcase classname="tests.test_iter31_role_spaces_taxonomy.TestVendorUploadPDF" name="test_cleanup_images" time="0.675" /></testsuite></testsuites>