<?xml version="1.0" encoding="utf-8"?><testsuites name="pytest tests"><testsuite name="pytest" errors="0" failures="0" skipped="0" tests="13" time="3.251" timestamp="2026-07-20T10:05:38.496212+00:00" hostname="agent-env-97b0323d-2c24-4ffc-a5ba-75aebc697a04"><testcase classname="backend.tests.test_iter65_showcase_apikeys_licenses.TestShowcasePartners" name="test_admin_crud_and_public_filter" time="0.920" /><testcase classname="backend.tests.test_iter65_showcase_apikeys_licenses.TestApiKeysAdmin" name="test_list_hides_hash" time="0.086" /><testcase classname="backend.tests.test_iter65_showcase_apikeys_licenses.TestApiKeysAdmin" name="test_create_requires_scope" time="0.044" /><testcase classname="backend.tests.test_iter65_showcase_apikeys_licenses.TestApiKeysAdmin" name="test_toggle_and_recover" time="0.185" /><testcase classname="backend.tests.test_iter65_showcase_apikeys_licenses.TestPublicApiV1" name="test_ping_ok" time="0.098" /><testcase classname="backend.tests.test_iter65_showcase_apikeys_licenses.TestPublicApiV1" name="test_ping_missing_header" time="0.092" /><testcase classname="backend.tests.test_iter65_showcase_apikeys_licenses.TestPublicApiV1" name="test_ping_invalid_key" time="0.096" /><testcase classname="backend.tests.test_iter65_showcase_apikeys_licenses.TestPublicApiV1" name="test_scope_missing" time="0.302" /><testcase classname="backend.tests.test_iter65_showcase_apikeys_licenses.TestPublicApiV1" name="test_products_pagination" time="0.103" /><testcase classname="backend.tests.test_iter65_showcase_apikeys_licenses.TestPublicApiV1" name="test_product_get_and_stock" time="0.419" /><testcase classname="backend.tests.test_iter65_showcase_apikeys_licenses.TestPublicApiV1" name="test_orders_and_territories" time="0.190" /><testcase classname="backend.tests.test_iter65_showcase_apikeys_licenses.TestLicenses" name="test_full_flow" time="0.502" /><testcase classname="backend.tests.test_iter65_showcase_apikeys_licenses.TestLicenses" name="test_public_slug_not_found" time="0.140" /></testsuite></testsuites>