<?xml version="1.0" encoding="utf-8"?><testsuites name="pytest tests"><testsuite name="pytest" errors="0" failures="0" skipped="0" tests="11" time="18.926" timestamp="2026-09-09T11:56:08.724033+00:00" hostname="agent-env-09ac7544-25ed-4da3-a185-8753a4ef3175"><testcase classname="test_iter85_communityplace_offers" name="test_public_fees_shape" time="0.354" /><testcase classname="test_iter85_communityplace_offers" name="test_admin_fees_requires_auth" time="0.129" /><testcase classname="test_iter85_communityplace_offers" name="test_admin_fees_update_then_restore" time="0.965" /><testcase classname="test_iter85_communityplace_offers" name="test_public_coopers_list" time="0.124" /><testcase classname="test_iter85_communityplace_offers" name="test_batch_offer_with_valid_cooper_assigns" time="2.371" /><testcase classname="test_iter85_communityplace_offers" name="test_batch_without_cooper_is_new" time="1.465" /><testcase classname="test_iter85_communityplace_offers" name="test_batch_with_invalid_cooper_id_falls_back_to_new" time="1.712" /><testcase classname="test_iter85_communityplace_offers" name="test_publish_communityplace_default_fee_offer_25_demand_50" time="5.058" /><testcase classname="test_iter85_communityplace_offers" name="test_webhook_marks_paid_and_sends_invoice" time="3.820" /><testcase classname="test_iter85_communityplace_offers" name="test_cooper_login_and_see_assigned_needs" time="2.141" /><testcase classname="test_iter85_communityplace_offers" name="test_zzz_cleanup_test_data" time="0.577" /></testsuite></testsuites>