<?xml version="1.0" encoding="utf-8"?><testsuites name="pytest tests"><testsuite name="pytest" errors="0" failures="0" skipped="0" tests="8" time="4.361" timestamp="2026-07-20T00:56:47.143344+00:00" hostname="agent-env-97b0323d-2c24-4ffc-a5ba-75aebc697a04"><testcase classname="tests.test_iter56_lot_features" name="test_campaign_crud_and_validations" time="1.349" /><testcase classname="tests.test_iter56_lot_features" name="test_campaign_attach_detach_apply" time="0.905" /><testcase classname="tests.test_iter56_lot_features" name="test_referral_welcome_bonus_flow" time="1.129" /><testcase classname="tests.test_iter56_lot_features" name="test_cpc_export_csv" time="0.197" /><testcase classname="tests.test_iter56_lot_features" name="test_cpc_export_csv_month_filter" time="0.105" /><testcase classname="tests.test_iter56_lot_features" name="test_cpc_export_pdf" time="0.224" /><testcase classname="tests.test_iter56_lot_features" name="test_notifications_flow" time="0.339" /><testcase classname="tests.test_iter56_lot_features" name="test_zz_cleanup" time="0.011" /></testsuite></testsuites>