<?xml version="1.0" encoding="utf-8"?><testsuites name="pytest tests"><testsuite name="pytest" errors="0" failures="1" skipped="1" tests="38" time="65.751" timestamp="2026-07-19T22:25:32.175134+00:00" hostname="agent-env-97b0323d-2c24-4ffc-a5ba-75aebc697a04"><testcase classname="backend.tests.test_iter50_consultations_e2e.TestCPC" name="test_packs" time="0.143" /><testcase classname="backend.tests.test_iter50_consultations_e2e.TestCPC" name="test_vendor_cpc_me" time="0.420" /><testcase classname="backend.tests.test_iter50_consultations_e2e.TestCPC" name="test_vendor_checkout_returns_stripe_url" time="0.524" /><testcase classname="backend.tests.test_iter50_consultations_e2e.TestCPC" name="test_admin_cpc_settings" time="0.425" /><testcase classname="backend.tests.test_iter50_consultations_e2e.TestCPC" name="test_admin_grant_requires_reason" time="0.106" /><testcase classname="backend.tests.test_iter50_consultations_e2e.TestEnchereInverseeE2E" name="test_01_classify_green" time="0.103" /><testcase classname="backend.tests.test_iter50_consultations_e2e.TestEnchereInverseeE2E" name="test_02_create_consultation" time="0.102" /><testcase classname="backend.tests.test_iter50_consultations_e2e.TestEnchereInverseeE2E" name="test_03_transition_en_validation" time="0.104" /><testcase classname="backend.tests.test_iter50_consultations_e2e.TestEnchereInverseeE2E" name="test_04_validate_commercial" time="0.102" /><testcase classname="backend.tests.test_iter50_consultations_e2e.TestEnchereInverseeE2E" name="test_05_publish" time="0.123" /><testcase classname="backend.tests.test_iter50_consultations_e2e.TestEnchereInverseeE2E" name="test_06_transition_inscriptions_puis_encours" time="0.210" /><testcase classname="backend.tests.test_iter50_consultations_e2e.TestEnchereInverseeE2E" name="test_07_admin_grant_cpc" time="0.092" /><testcase classname="backend.tests.test_iter50_consultations_e2e.TestEnchereInverseeE2E" name="test_08_vendor_lists_consultation" time="0.097" /><testcase classname="backend.tests.test_iter50_consultations_e2e.TestEnchereInverseeE2E" name="test_09_register_reject_no_accept" time="0.103" /><testcase classname="backend.tests.test_iter50_consultations_e2e.TestEnchereInverseeE2E" name="test_10_register_ok" time="0.208" /><testcase classname="backend.tests.test_iter50_consultations_e2e.TestEnchereInverseeE2E" name="test_11_register_duplicate_409" time="0.311" /><testcase classname="backend.tests.test_iter50_consultations_e2e.TestEnchereInverseeE2E" name="test_12_bids_3_rounds" time="0.301" /><testcase classname="backend.tests.test_iter50_consultations_e2e.TestEnchereInverseeE2E" name="test_13_bid_higher_rejected" time="0.100" /><testcase classname="backend.tests.test_iter50_consultations_e2e.TestEnchereInverseeE2E" name="test_14_bid_4th_round_rejected" time="0.102" /><testcase classname="backend.tests.test_iter50_consultations_e2e.TestEnchereInverseeE2E" name="test_15_my_status" time="0.101" /><testcase classname="backend.tests.test_iter50_consultations_e2e.TestEnchereInverseeE2E" name="test_16_close_and_evaluate" time="0.536" /><testcase classname="backend.tests.test_iter50_consultations_e2e.TestEnchereInverseeE2E" name="test_17_scores" time="0.213" /><testcase classname="backend.tests.test_iter50_consultations_e2e.TestEnchereInverseeE2E" name="test_18_award_and_attestation" time="0.104" /><testcase classname="backend.tests.test_iter50_consultations_e2e.TestEnchereInverseeE2E" name="test_19_winner_identity" time="0.099" /><testcase classname="backend.tests.test_iter50_consultations_e2e.TestEnchereInverseeE2E" name="test_20_pv_pdf" time="0.118" /><testcase classname="backend.tests.test_iter50_consultations_e2e.TestEnchereInverseeE2E" name="test_21_export_csv_json" time="0.255" /><testcase classname="backend.tests.test_iter50_consultations_e2e.TestEnchereInverseeE2E" name="test_22_audit_verify" time="0.112" /><testcase classname="backend.tests.test_iter50_consultations_e2e.TestSealedRed" name="test_01_classify_red" time="0.097" /><testcase classname="backend.tests.test_iter50_consultations_e2e.TestSealedRed" name="test_02_create_forces_sealed" time="0.100" /><testcase classname="backend.tests.test_iter50_consultations_e2e.TestSealedRed" name="test_03_workflow_to_en_cours" time="0.680" /><testcase classname="backend.tests.test_iter50_consultations_e2e.TestSealedRed" name="test_04_register_and_seal_bid" time="0.230" /><testcase classname="backend.tests.test_iter50_consultations_e2e.TestSealedRed" name="test_05_admin_bids_403_before_close" time="0.176" /><testcase classname="backend.tests.test_iter50_consultations_e2e.TestSealedRed" name="test_06_replace_bid" time="0.114" /><testcase classname="backend.tests.test_iter50_consultations_e2e.TestSealedRed" name="test_07_close_manual_and_bids_visible" time="30.557"><failure message="Failed: BUG SIGNALÉ (review): après clôture MANUELLE, les offres scellées ne sont pas déchiffrées automatiquement. amount_ht_cents=None">backend/tests/test_iter50_consultations_e2e.py:378: in test_07_close_manual_and_bids_visible
    pytest.fail("BUG SIGNALÉ (review): après clôture MANUELLE, les offres scellées ne sont pas déchiffrées automatiquement. amount_ht_cents=None")
E   Failed: BUG SIGNALÉ (review): après clôture MANUELLE, les offres scellées ne sont pas déchiffrées automatiquement. amount_ht_cents=None</failure></testcase><testcase classname="backend.tests.test_iter50_consultations_e2e.TestGuards" name="test_publish_non_classified_blocked" time="15.843" /><testcase classname="backend.tests.test_iter50_consultations_e2e.TestGuards" name="test_locked_after_publish_criteria" time="0.137" /><testcase classname="backend.tests.test_iter50_consultations_e2e.TestGuards" name="test_cancel_refunds_cpc" time="12.407" /><testcase classname="backend.tests.test_iter50_consultations_e2e.TestZCleanup" name="test_cleanup" time="0.068"><skipped type="pytest.skip" message="MONGO_URL/DB_NAME not accessible from this env">/app/backend/tests/test_iter50_consultations_e2e.py:474: MONGO_URL/DB_NAME not accessible from this env</skipped></testcase></testsuite></testsuites>