<?xml version="1.0" encoding="utf-8"?><testsuites name="pytest tests"><testsuite name="pytest" errors="0" failures="0" skipped="0" tests="9" time="2.803" timestamp="2026-07-18T00:51:58.892907+00:00" hostname="agent-env-97b0323d-2c24-4ffc-a5ba-75aebc697a04"><testcase classname="backend.tests.test_iter33_kdmarche_credits_ai" name="test_public_kdmarche_stats" time="0.246" /><testcase classname="backend.tests.test_iter33_kdmarche_credits_ai" name="test_vendor_credits_public" time="0.148" /><testcase classname="backend.tests.test_iter33_kdmarche_credits_ai" name="test_admin_credit_pricing_requires_auth" time="0.145" /><testcase classname="backend.tests.test_iter33_kdmarche_credits_ai" name="test_admin_credit_pricing_list" time="0.476" /><testcase classname="backend.tests.test_iter33_kdmarche_credits_ai" name="test_admin_credit_pricing_update_and_restore" time="0.355" /><testcase classname="backend.tests.test_iter33_kdmarche_credits_ai" name="test_admin_grant_credits_add_and_revert" time="0.540" /><testcase classname="backend.tests.test_iter33_kdmarche_credits_ai" name="test_ai_status" time="0.102" /><testcase classname="backend.tests.test_iter33_kdmarche_credits_ai" name="test_ai_video_503_no_credit_charge" time="0.330" /><testcase classname="backend.tests.test_iter33_kdmarche_credits_ai" name="test_photo_upload_max_3_no_credit_charge" time="0.392" /></testsuite></testsuites>