<?xml version="1.0" encoding="utf-8"?><testsuites name="pytest tests"><testsuite name="pytest" errors="0" failures="0" skipped="0" tests="9" time="6.639" timestamp="2026-07-20T04:24:59.750308+00:00" hostname="agent-env-97b0323d-2c24-4ffc-a5ba-75aebc697a04"><testcase classname="backend.tests.test_iter63_lot12" name="test_missions_vendor_operator" time="0.463" /><testcase classname="backend.tests.test_iter63_lot12" name="test_missions_buyer_forbidden" time="0.374" /><testcase classname="backend.tests.test_iter63_lot12" name="test_apply_partner_sends_emails_and_notification" time="2.349" /><testcase classname="backend.tests.test_iter63_lot12" name="test_audit_list" time="0.048" /><testcase classname="backend.tests.test_iter63_lot12" name="test_audit_filter_by_type" time="0.044" /><testcase classname="backend.tests.test_iter63_lot12" name="test_audit_search" time="0.055" /><testcase classname="backend.tests.test_iter63_lot12" name="test_audit_verify_chain" time="0.048" /><testcase classname="backend.tests.test_iter63_lot12" name="test_audit_forbidden_for_buyer" time="0.050" /><testcase classname="backend.tests.test_iter63_lot12" name="test_coopia_procedure_suggestion_admin" time="3.116" /></testsuite></testsuites>