<?xml version="1.0" encoding="utf-8"?><testsuites name="pytest tests"><testsuite name="pytest" errors="0" failures="0" skipped="0" tests="10" time="2.198" timestamp="2026-07-19T16:25:40.813931+00:00" hostname="agent-env-97b0323d-2c24-4ffc-a5ba-75aebc697a04"><testcase classname="backend.tests.test_iter47_vendor_onboarding" name="test_1_start_creates_stripe_session" time="0.700" /><testcase classname="backend.tests.test_iter47_vendor_onboarding" name="test_2_convention_fields_before_paid_forbidden" time="0.055" /><testcase classname="backend.tests.test_iter47_vendor_onboarding" name="test_3_convention_fields_ok" time="0.054" /><testcase classname="backend.tests.test_iter47_vendor_onboarding" name="test_4_pdf_before_sign" time="0.188" /><testcase classname="backend.tests.test_iter47_vendor_onboarding" name="test_5_sign_convention" time="0.322" /><testcase classname="backend.tests.test_iter47_vendor_onboarding" name="test_6_pdf_after_sign_34_pages" time="0.065" /><testcase classname="backend.tests.test_iter47_vendor_onboarding" name="test_7_activate_invalid_token_404" time="0.054" /><testcase classname="backend.tests.test_iter47_vendor_onboarding" name="test_8_activate_valid_token" time="0.283" /><testcase classname="backend.tests.test_iter47_vendor_onboarding" name="test_9_assistant_requires_auth" time="0.048" /><testcase classname="backend.tests.test_iter47_vendor_onboarding" name="test_10_login_buyer_regression" time="0.271" /></testsuite></testsuites>