<?xml version="1.0" encoding="utf-8"?><testsuites name="pytest tests"><testsuite name="pytest" errors="0" failures="0" skipped="0" tests="16" time="6.009" timestamp="2026-07-20T10:51:40.124658+00:00" hostname="agent-env-97b0323d-2c24-4ffc-a5ba-75aebc697a04"><testcase classname="backend.tests.test_iter66_showcase_devkeys_domain_quote.TestVendorShowcaseOptIn" name="test_get_vendor_opt_in_state" time="0.141" /><testcase classname="backend.tests.test_iter66_showcase_devkeys_domain_quote.TestVendorShowcaseOptIn" name="test_get_unknown_vendor_404" time="0.097" /><testcase classname="backend.tests.test_iter66_showcase_devkeys_domain_quote.TestVendorShowcaseOptIn" name="test_vendor_opt_in_appears_in_public_partners_with_logo" time="0.203" /><testcase classname="backend.tests.test_iter66_showcase_devkeys_domain_quote.TestVendorShowcaseOptIn" name="test_opt_out_removes_from_public" time="0.279" /><testcase classname="backend.tests.test_iter66_showcase_devkeys_domain_quote.TestVendorShowcaseOptIn" name="test_deduplication_with_manual_entry" time="0.709" /><testcase classname="backend.tests.test_iter66_showcase_devkeys_domain_quote.TestApiKeyQuotaAndLogs" name="test_ping_returns_quota_and_usage" time="0.137" /><testcase classname="backend.tests.test_iter66_showcase_devkeys_domain_quote.TestApiKeyQuotaAndLogs" name="test_quota_exceeded_returns_429" time="0.295" /><testcase classname="backend.tests.test_iter66_showcase_devkeys_domain_quote.TestApiKeyQuotaAndLogs" name="test_call_logs_recorded" time="0.094" /><testcase classname="backend.tests.test_iter66_showcase_devkeys_domain_quote.TestPartnerDevAuth" name="test_admin_sees_all_keys" time="0.041" /><testcase classname="backend.tests.test_iter66_showcase_devkeys_domain_quote.TestPartnerDevAuth" name="test_no_auth_returns_401_or_403" time="0.114" /><testcase classname="backend.tests.test_iter66_showcase_devkeys_domain_quote.TestCustomDomainResolve" name="test_resolve_by_exact_domain" time="0.137" /><testcase classname="backend.tests.test_iter66_showcase_devkeys_domain_quote.TestCustomDomainResolve" name="test_resolve_with_www_prefix" time="0.094" /><testcase classname="backend.tests.test_iter66_showcase_devkeys_domain_quote.TestCustomDomainResolve" name="test_resolve_unknown_host_404" time="0.096" /><testcase classname="backend.tests.test_iter66_showcase_devkeys_domain_quote.TestCustomDomainResolve" name="test_patch_add_domain_and_resolve" time="0.239" /><testcase classname="backend.tests.test_iter66_showcase_devkeys_domain_quote.TestCustomDomainResolve" name="test_seeded_kdmarche_domain" time="0.137" /><testcase classname="backend.tests.test_iter66_showcase_devkeys_domain_quote.TestQuoteAckEmail" name="test_quote_creation_triggers_ack_and_notification" time="3.091" /></testsuite></testsuites>