<?xml version="1.0" encoding="utf-8"?><testsuites name="pytest tests"><testsuite name="pytest" errors="0" failures="0" skipped="0" tests="11" time="2.852" timestamp="2026-05-22T04:50:30.584643+00:00" hostname="agent-env-97b0323d-2c24-4ffc-a5ba-75aebc697a04"><testcase classname="backend.tests.test_iter5_p1.TestManagerTimeseries" name="test_timeseries_30d" time="0.518" /><testcase classname="backend.tests.test_iter5_p1.TestManagerTimeseries" name="test_timeseries_7d" time="0.117" /><testcase classname="backend.tests.test_iter5_p1.TestManagerTimeseries" name="test_timeseries_unauthorized" time="0.101" /><testcase classname="backend.tests.test_iter5_p1.TestManagerNetworkRanking" name="test_network_ranking" time="0.126" /><testcase classname="backend.tests.test_iter5_p1.TestEmergentAuth" name="test_session_invalid" time="0.213" /><testcase classname="backend.tests.test_iter5_p1.TestEmergentAuth" name="test_me_no_cookie" time="0.133" /><testcase classname="backend.tests.test_iter5_p1.TestCatalogTerritory" name="test_catalog_gp" time="0.445" /><testcase classname="backend.tests.test_iter5_p1.TestCatalogTerritory" name="test_catalog_mq" time="0.134" /><testcase classname="backend.tests.test_iter5_p1.TestCatalogTerritory" name="test_catalog_gp_eq_mq_by_default" time="0.205" /><testcase classname="backend.tests.test_iter5_p1.TestPosOrdersTerritory" name="test_pos_orders_gp" time="0.668" /><testcase classname="backend.tests.test_iter5_p1.TestPosOrdersTerritory" name="test_pos_orders_mq_empty" time="0.103" /></testsuite></testsuites>