<?xml version="1.0" encoding="utf-8"?><testsuites name="pytest tests"><testsuite name="pytest" errors="0" failures="1" skipped="0" tests="36" time="9.044" timestamp="2026-05-22T06:17:05.075918+00:00" hostname="agent-env-97b0323d-2c24-4ffc-a5ba-75aebc697a04"><testcase classname="backend.tests.test_iter6_sprint.TestCatalogTerritoryLocal" name="test_gp_has_antilles_and_generic_no_re" time="0.480" /><testcase classname="backend.tests.test_iter6_sprint.TestCatalogTerritoryLocal" name="test_re_has_reunion_and_generic" time="0.119" /><testcase classname="backend.tests.test_iter6_sprint.TestCatalogTerritoryLocal" name="test_gf_has_guyane_and_generic_with_jus_mangue" time="0.107" /><testcase classname="backend.tests.test_iter6_sprint.TestCatalogTerritoryLocal" name="test_mq_excludes_manioc_and_vanille_keeps_oeufs_poulet" time="0.111" /><testcase classname="backend.tests.test_iter6_sprint.TestBrevoWebhook" name="test_webhook_post_list" time="0.109" /><testcase classname="backend.tests.test_iter6_sprint.TestBrevoWebhook" name="test_metrics_summary" time="0.113" /><testcase classname="backend.tests.test_iter6_sprint.TestPassAutoRenew" name="test_enable_and_disable" time="0.409" /><testcase classname="backend.tests.test_iter6_sprint.TestReferral" name="test_get_my_code_format_idempotent" time="0.223" /><testcase classname="backend.tests.test_iter6_sprint.TestReferral" name="test_claim_own_code_400" time="0.256" /><testcase classname="backend.tests.test_iter6_sprint.TestReferral" name="test_claim_invalid_code_404" time="0.425" /><testcase classname="backend.tests.test_iter6_sprint.TestReferral" name="test_claim_success_and_credit" time="0.102"><failure message="AssertionError: {&quot;detail&quot;:&quot;Vous avez déjà utilisé un code de parrainage&quot;}&#10;assert 409 == 200&#10; +  where 409 = &lt;Response [409]&gt;.status_code">E   AssertionError: {"detail":"Vous avez déjà utilisé un code de parrainage"}
    assert 409 == 200
     +  where 409 = &lt;Response [409]&gt;.status_code</failure></testcase><testcase classname="backend.tests.test_iter6_sprint.TestReferral" name="test_claim_twice_409" time="0.173" /><testcase classname="backend.tests.test_iter6_sprint.TestReferral" name="test_stats_admin" time="0.106" /><testcase classname="backend.tests.test_iter6_sprint.TestReferral" name="test_stats_non_admin_403" time="0.426" /><testcase classname="backend.tests.test_iter7_sprint.TestBrevoMetricsDaysFilter" name="test_days_clamps_to_min_1" time="0.315" /><testcase classname="backend.tests.test_iter7_sprint.TestBrevoMetricsDaysFilter" name="test_days_clamps_to_max_365" time="0.131" /><testcase classname="backend.tests.test_iter7_sprint.TestBrevoMetricsDaysFilter" name="test_days_1_vs_30_today_events_equal" time="0.326" /><testcase classname="backend.tests.test_iter7_sprint.TestAutoRenewBatch" name="test_non_admin_403" time="0.420" /><testcase classname="backend.tests.test_iter7_sprint.TestAutoRenewBatch" name="test_returns_dict_with_sent_skipped" time="0.505" /><testcase classname="backend.tests.test_iter7_sprint.TestAutoRenewBatch" name="test_marie_pass_in_window_sends_email" time="1.433" /><testcase classname="backend.tests.test_iter7_sprint.TestAutoRenewBatch" name="test_batch_throttle_replay" time="0.120" /><testcase classname="backend.tests.test_iter7_sprint.TestWalletLedgerIdempotency" name="test_unique_index_present" time="0.003" /><testcase classname="backend.tests.test_iter7_sprint.TestWalletLedgerIdempotency" name="test_upsert_3x_replay_credits_once" time="0.005" /><testcase classname="backend.tests.test_iter7_sprint.TestLandingMetaTags" name="test_og_meta_present" time="0.096" /><testcase classname="backend.tests.test_iter7_sprint.TestLandingMetaTags" name="test_twitter_meta_present" time="0.104" /><testcase classname="backend.tests.test_iter7_sprint.TestLandingMetaTags" name="test_title_contains_communityplace" time="0.098" /><testcase classname="backend.tests.test_iter7_sprint.TestLandingMetaTags" name="test_meta_description_mentions_lolodrive" time="0.101" /><testcase classname="backend.tests.test_iter7_sprint.TestLandingMetaTags" name="test_og_image_premium_charter_200" time="0.314" /><testcase classname="backend.tests.test_iter7_sprint.TestReferralRegression" name="test_referral_me_returns_marie_code" time="0.108" /><testcase classname="backend.tests.test_iter8_sprint.TestStripeModeEndpoint" name="test_admin_stripe_mode_ok" time="0.437" /><testcase classname="backend.tests.test_iter8_sprint.TestStripeModeEndpoint" name="test_admin_stripe_mode_no_auth" time="0.103" /><testcase classname="backend.tests.test_iter8_sprint.TestStripeModeEndpoint" name="test_admin_stripe_mode_non_admin" time="0.431" /><testcase classname="backend.tests.test_iter8_sprint.TestStripeModeEndpoint" name="test_admin_stripe_mode_gerant_blocked" time="0.429" /><testcase classname="backend.tests.test_iter8_sprint.TestCheckoutStripeTestMode" name="test_pass_session_uses_test_key" time="0.106" /><testcase classname="backend.tests.test_iter8_sprint.TestAutoRenewBatchStillWorks" name="test_auto_renew_returns_dict" time="0.113" /><testcase classname="backend.tests.test_iter8_sprint.TestLoloPointsRegression" name="test_ten_points_with_geo" time="0.104" /></testsuite></testsuites>