<?xml version="1.0" encoding="utf-8"?><testsuites name="pytest tests"><testsuite name="pytest" errors="0" failures="0" skipped="0" tests="7" time="4.642" timestamp="2026-07-20T01:40:49.044517+00:00" hostname="agent-env-97b0323d-2c24-4ffc-a5ba-75aebc697a04"><testcase classname="tests.test_iter57_lot_features" name="test_1_publish_all_campaign" time="2.165" /><testcase classname="tests.test_iter57_lot_features" name="test_1_publish_all_forbidden_without_admin" time="0.432" /><testcase classname="tests.test_iter57_lot_features" name="test_2_weekly_recap_idempotence_and_scheduler_wiring" time="0.043" /><testcase classname="tests.test_iter57_lot_features" name="test_3_export_forbidden_without_admin" time="0.203" /><testcase classname="tests.test_iter57_lot_features" name="test_3_export_csv_types_and_email_filters" time="1.589" /><testcase classname="tests.test_iter57_lot_features" name="test_4_referral_no_recredit_for_existing_vendor" time="0.004" /><testcase classname="tests.test_iter57_lot_features" name="test_zz_cleanup" time="0.111" /></testsuite></testsuites>