<?xml version="1.0" encoding="utf-8"?><testsuites name="pytest tests"><testsuite name="pytest" errors="0" failures="1" skipped="0" tests="12" time="1.861" timestamp="2026-07-20T01:58:54.758789+00:00" hostname="agent-env-97b0323d-2c24-4ffc-a5ba-75aebc697a04"><testcase classname="tests.test_iter58_lot4" name="test_get_notification_prefs_defaults" time="0.522" /><testcase classname="tests.test_iter58_lot4" name="test_put_notification_prefs_valid_and_persist" time="0.143" /><testcase classname="tests.test_iter58_lot4" name="test_put_notification_prefs_invalid" time="0.089" /><testcase classname="tests.test_iter58_lot4" name="test_get_recap_defaults" time="0.055" /><testcase classname="tests.test_iter58_lot4" name="test_put_recap_valid_and_persist" time="0.148" /><testcase classname="tests.test_iter58_lot4" name="test_put_recap_invalid_day" time="0.045" /><testcase classname="tests.test_iter58_lot4" name="test_put_recap_invalid_frequency" time="0.045" /><testcase classname="tests.test_iter58_lot4" name="test_campaign_dashboard" time="0.378" /><testcase classname="tests.test_iter58_lot4" name="test_campaign_dashboard_404" time="0.048" /><testcase classname="tests.test_iter58_lot4" name="test_duplicate_creates_brouillon_copy" time="0.142"><failure message="AssertionError: assert '2026-07-20T01:58:56.381074+00:00' &gt; '2026-08-01T00:00:00+00:00'">tests/test_iter58_lot4.py:162: in test_duplicate_creates_brouillon_copy
    assert dup["opens_at"] &gt; src["opens_at"]
E   AssertionError: assert '2026-07-20T01:58:56.381074+00:00' &gt; '2026-08-01T00:00:00+00:00'</failure></testcase><testcase classname="tests.test_iter58_lot4" name="test_prefs_requires_auth" time="0.097" /><testcase classname="tests.test_iter58_lot4" name="test_dashboard_requires_admin" time="0.058" /></testsuite></testsuites>