<?xml version="1.0" encoding="utf-8"?><testsuites name="pytest tests"><testsuite name="pytest" errors="0" failures="0" skipped="0" tests="4" time="4.553" timestamp="2026-07-18T00:19:44.914485+00:00" hostname="agent-env-97b0323d-2c24-4ffc-a5ba-75aebc697a04"><testcase classname="backend.tests.test_iter32_password_change_and_catalog.TestPasswordChangeFlow" name="test_full_flow" time="3.320" /><testcase classname="backend.tests.test_iter32_password_change_and_catalog.TestCatalogV2Photo" name="test_product_in_catalog" time="0.444" /><testcase classname="backend.tests.test_iter32_password_change_and_catalog.TestCatalogV2Photo" name="test_image_file_accessible" time="0.171" /><testcase classname="backend.tests.test_iter32_password_change_and_catalog.TestApproveIdempotency" name="test_reapprove_no_duplicate" time="0.536" /></testsuite></testsuites>