<?xml version="1.0" encoding="utf-8"?><testsuites name="pytest tests"><testsuite name="pytest" errors="0" failures="0" skipped="0" tests="9" time="2.477" timestamp="2026-07-17T03:53:33.408523+00:00" hostname="agent-env-97b0323d-2c24-4ffc-a5ba-75aebc697a04"><testcase classname="backend.tests.test_iter27_deploy_env" name="test_root_health_endpoint_backend_direct" time="0.003" /><testcase classname="backend.tests.test_iter27_deploy_env" name="test_public_root_health_returns_200" time="0.141" /><testcase classname="backend.tests.test_iter27_deploy_env" name="test_api_health_endpoint" time="0.136" /><testcase classname="backend.tests.test_iter27_deploy_env" name="test_admin_me_via_cookie" time="0.478" /><testcase classname="backend.tests.test_iter27_deploy_env" name="test_buyer_me_via_cookie" time="0.368" /><testcase classname="backend.tests.test_iter27_deploy_env" name="test_catalog_products_returns_data" time="0.056" /><testcase classname="backend.tests.test_iter27_deploy_env" name="test_connectors_listing_admin" time="0.073" /><testcase classname="backend.tests.test_iter27_deploy_env" name="test_connector_oscop_ged_health" time="1.074" /><testcase classname="backend.tests.test_iter27_deploy_env" name="test_stripe_live_health_keys_configured" time="0.068" /></testsuite></testsuites>