<?xml version="1.0" encoding="utf-8"?><testsuites name="pytest tests"><testsuite name="pytest" errors="0" failures="0" skipped="1" tests="18" time="5.852" timestamp="2026-07-20T03:42:06.291193+00:00" hostname="agent-env-97b0323d-2c24-4ffc-a5ba-75aebc697a04"><testcase classname="backend.tests.test_iter62_lot11.TestLogicoopOperators" name="test_list_and_translog_exists" time="0.419" /><testcase classname="backend.tests.test_iter62_lot11.TestLogicoopOperators" name="test_crud_operator" time="0.265" /><testcase classname="backend.tests.test_iter62_lot11.TestLogicoopOperators" name="test_logicoop_me_vendor_ok" time="0.361" /><testcase classname="backend.tests.test_iter62_lot11.TestLogicoopOperators" name="test_logicoop_me_buyer_forbidden" time="0.369" /><testcase classname="backend.tests.test_iter62_lot11.TestPartners" name="test_public_types" time="0.097" /><testcase classname="backend.tests.test_iter62_lot11.TestPartners" name="test_public_apply_ok_and_bad_type" time="0.193" /><testcase classname="backend.tests.test_iter62_lot11.TestPartners" name="test_admin_list_and_status_transitions" time="0.221" /><testcase classname="backend.tests.test_iter62_lot11.TestPartners" name="test_admin_add_type_and_toggle" time="0.374" /><testcase classname="backend.tests.test_iter62_lot11.TestTerritoriesFreight" name="test_create_territory_generates_freight" time="0.140" /><testcase classname="backend.tests.test_iter62_lot11.TestTerritoriesFreight" name="test_simulate_from_new_territory" time="0.046" /><testcase classname="backend.tests.test_iter62_lot11.TestTerritoriesFreight" name="test_delete_territory_removes_rates" time="0.088" /><testcase classname="backend.tests.test_iter62_lot11.TestTerritoriesFreight" name="test_audit_entries_present" time="0.047"><skipped type="pytest.skip" message="no dedicated audit endpoint; check via Mongo (out of scope in HTTP test)">/app/backend/tests/test_iter62_lot11.py:213: no dedicated audit endpoint; check via Mongo (out of scope in HTTP test)</skipped></testcase><testcase classname="backend.tests.test_iter62_lot11.TestFreightMulti" name="test_simulate_multi_ok" time="0.049" /><testcase classname="backend.tests.test_iter62_lot11.TestFreightMulti" name="test_simulate_multi_bad" time="0.090" /><testcase classname="backend.tests.test_iter62_lot11.TestSupplyRiskPDF" name="test_pdf_ok" time="0.054" /><testcase classname="backend.tests.test_iter62_lot11.TestCoopIA" name="test_valid_category" time="2.837" /><testcase classname="backend.tests.test_iter62_lot11.TestCoopIA" name="test_unknown_category" time="0.048" /><testcase classname="backend.tests.test_iter62_lot11.TestCampaignAlerts" name="test_alerts_count" time="0.045" /></testsuite></testsuites>