<?xml version="1.0" encoding="utf-8"?><testsuites name="pytest tests"><testsuite name="pytest" errors="0" failures="0" skipped="0" tests="39" time="79.544" timestamp="2026-07-19T23:36:01.115070+00:00" hostname="agent-env-97b0323d-2c24-4ffc-a5ba-75aebc697a04"><testcase classname="tests.test_iter52_lot_features.TestTemplates" name="test_01_list_default_templates" time="0.490" /><testcase classname="tests.test_iter52_lot_features.TestTemplates" name="test_02_requires_admin" time="0.424" /><testcase classname="tests.test_iter52_lot_features.TestTemplates" name="test_03_create_custom_template" time="0.096" /><testcase classname="tests.test_iter52_lot_features.TestTemplates" name="test_04_seed_legal_matrix_vert_for_category" time="0.106" /><testcase classname="tests.test_iter52_lot_features.TestTemplates" name="test_05_instantiate_custom_template" time="0.101" /><testcase classname="tests.test_iter52_lot_features.TestTemplates" name="test_06_instantiate_default_alimentaire_forces_scellee_when_rouge" time="0.336" /><testcase classname="tests.test_iter52_lot_features.TestTemplates" name="test_07_instantiate_interterritorial_cpc_cost_40" time="0.210" /><testcase classname="tests.test_iter52_lot_features.TestTemplates" name="test_08_put_template" time="0.107" /><testcase classname="tests.test_iter52_lot_features.TestTemplates" name="test_09_delete_template" time="0.210" /><testcase classname="tests.test_iter52_lot_features.TestTemplates" name="test_10_put_404" time="0.095" /><testcase classname="tests.test_iter52_lot_features.TestSubscriptions" name="test_20_list_plans" time="0.110" /><testcase classname="tests.test_iter52_lot_features.TestSubscriptions" name="test_21_subscription_checkout_creates_pending" time="0.621" /><testcase classname="tests.test_iter52_lot_features.TestSubscriptions" name="test_22_subscription_pending_persisted" time="0.074" /><testcase classname="tests.test_iter52_lot_features.TestSubscriptions" name="test_23_second_checkout_conflicts_with_active" time="0.115" /><testcase classname="tests.test_iter52_lot_features.TestSubscriptions" name="test_24_handle_checkout_session_completed" time="0.208" /><testcase classname="tests.test_iter52_lot_features.TestSubscriptions" name="test_25_handle_invoice_paid_credits_60_cpc" time="0.008" /><testcase classname="tests.test_iter52_lot_features.TestSubscriptions" name="test_26_handle_invoice_paid_replay_idempotent" time="0.004" /><testcase classname="tests.test_iter52_lot_features.TestSubscriptions" name="test_27_handle_subscription_deleted" time="0.003" /><testcase classname="tests.test_iter52_lot_features.TestSubscriptions" name="test_28_ignore_non_cpc_subscription_event" time="0.001" /><testcase classname="tests.test_iter52_lot_features.TestSubscriptions" name="test_29_admin_list_plans" time="0.099" /><testcase classname="tests.test_iter52_lot_features.TestReportAlert" name="test_40_setup_and_close_consultation_triggers_alert" time="20.293" /><testcase classname="tests.test_iter52_lot_features.TestReportAlert" name="test_41_report_alert_flag_and_audit" time="2.007" /><testcase classname="tests.test_iter52_lot_features.TestReportAlert" name="test_42_notify_report_available_second_call_noop" time="0.004" /><testcase classname="tests.test_iter52_lot_features.TestReportAlert" name="test_43_close_due_consultations_cron" time="0.716" /><testcase classname="tests.test_iter52_lot_features.TestRecharge" name="test_60_get_default_settings" time="0.099" /><testcase classname="tests.test_iter52_lot_features.TestRecharge" name="test_61_put_settings" time="0.344" /><testcase classname="tests.test_iter52_lot_features.TestRecharge" name="test_62_put_invalid_pack_404" time="0.201" /><testcase classname="tests.test_iter52_lot_features.TestRecharge" name="test_63_debit_under_threshold_creates_token_and_alert_active" time="0.713" /><testcase classname="tests.test_iter52_lot_features.TestRecharge" name="test_64_second_debit_no_new_token" time="0.107" /><testcase classname="tests.test_iter52_lot_features.TestRecharge" name="test_65_recharge_checkout_redirects_303" time="0.348" /><testcase classname="tests.test_iter52_lot_features.TestRecharge" name="test_66_recharge_checkout_token_reused_410" time="0.093" /><testcase classname="tests.test_iter52_lot_features.TestRecharge" name="test_67_recharge_checkout_invalid_token_410" time="0.105" /><testcase classname="tests.test_iter52_lot_features.TestRecharge" name="test_68_credit_above_threshold_resets_alert_active" time="0.206" /><testcase classname="tests.test_iter52_lot_features.TestRecharge" name="test_69_disable_recharge_settings" time="0.123" /><testcase classname="tests.test_iter52_lot_features.TestRegression" name="test_80_cpc_packs_still_work" time="0.095" /><testcase classname="tests.test_iter52_lot_features.TestRegression" name="test_81_pack_checkout_returns_stripe_url" time="0.347" /><testcase classname="tests.test_iter52_lot_features.TestRegression" name="test_82_consultations_tracking_still_works" time="19.974" /><testcase classname="tests.test_iter52_lot_features.TestRegression" name="test_83_cpc_me" time="30.211" /><testcase classname="tests.test_iter52_lot_features.TestCleanup" name="test_99_cleanup" time="0.010" /></testsuite></testsuites>