<?xml version="1.0" encoding="utf-8"?><testsuites name="pytest tests"><testsuite name="pytest" errors="0" failures="0" skipped="0" tests="16" time="4.830" timestamp="2026-07-20T00:02:31.471254+00:00" hostname="agent-env-97b0323d-2c24-4ffc-a5ba-75aebc697a04"><testcase classname="backend.tests.test_iter53_new_features" name="test_settings_contains_benchmark_cost_15" time="0.554" /><testcase classname="backend.tests.test_iter53_new_features" name="test_settings_put_invalid_benchmark_cost_rejected" time="0.276" /><testcase classname="backend.tests.test_iter53_new_features" name="test_settings_put_valid_ok" time="0.100" /><testcase classname="backend.tests.test_iter53_new_features" name="test_liquidity_score_via_instantiate" time="0.320" /><testcase classname="backend.tests.test_iter53_new_features" name="test_liquidity_thresholds_with_seeded_vendors" time="1.079" /><testcase classname="backend.tests.test_iter53_new_features" name="test_benchmark_404_when_no_closed" time="0.425" /><testcase classname="backend.tests.test_iter53_new_features" name="test_benchmark_debit_and_idempotency" time="0.231" /><testcase classname="backend.tests.test_iter53_new_features" name="test_recurrence_invalid_interval" time="0.223" /><testcase classname="backend.tests.test_iter53_new_features" name="test_recurrence_monthly_sets_next_run" time="0.106" /><testcase classname="backend.tests.test_iter53_new_features" name="test_recurrence_quarterly" time="0.101" /><testcase classname="backend.tests.test_iter53_new_features" name="test_recurrence_none_clears" time="0.107" /><testcase classname="backend.tests.test_iter53_new_features" name="test_run_recurring_templates_creates_and_reschedules" time="0.328" /><testcase classname="backend.tests.test_iter53_new_features" name="test_cpc_me" time="0.099" /><testcase classname="backend.tests.test_iter53_new_features" name="test_cpc_checkout_returns_url" time="0.659" /><testcase classname="backend.tests.test_iter53_new_features" name="test_consultations_tracking" time="0.106" /><testcase classname="backend.tests.test_iter53_new_features" name="test_zz_cleanup" time="0.010" /></testsuite></testsuites>