<?xml version="1.0" encoding="utf-8"?><testsuites name="pytest tests"><testsuite name="pytest" errors="0" failures="0" skipped="0" tests="3" time="5.881" timestamp="2026-07-19T15:06:53.889589+00:00" hostname="agent-env-97b0323d-2c24-4ffc-a5ba-75aebc697a04"><testcase classname="backend.tests.test_iter46_demandes.TestRemoteTarifs" name="test_remote_tarifs_structure" time="1.474" /><testcase classname="backend.tests.test_iter46_demandes.TestQuotePushFlow" name="test_public_submit_quote" time="0.100" /><testcase classname="backend.tests.test_iter46_demandes.TestQuotePushFlow" name="test_push_appears_in_admin_pushes" time="4.233" /></testsuite></testsuites>