<?xml version="1.0" encoding="utf-8"?><testsuites name="pytest tests"><testsuite name="pytest" errors="0" failures="1" skipped="0" tests="25" time="5.580" timestamp="2026-05-22T03:20:09.699691+00:00" hostname="agent-env-97b0323d-2c24-4ffc-a5ba-75aebc697a04"><testcase classname="backend.tests.test_lolodrive_iter4.TestLoloHourEvents" name="test_list_events_scope_all" time="0.562" /><testcase classname="backend.tests.test_lolodrive_iter4.TestLoloHourEvents" name="test_list_events_each_scope[upcoming]" time="0.118" /><testcase classname="backend.tests.test_lolodrive_iter4.TestLoloHourEvents" name="test_list_events_each_scope[live]" time="0.103" /><testcase classname="backend.tests.test_lolodrive_iter4.TestLoloHourEvents" name="test_list_events_each_scope[ended]" time="0.105" /><testcase classname="backend.tests.test_lolodrive_iter4.TestLoloHourEvents" name="test_list_events_each_scope[all]" time="0.100" /><testcase classname="backend.tests.test_lolodrive_iter4.TestLoloHourEvents" name="test_event_detail_with_my_reservation_field" time="0.217" /><testcase classname="backend.tests.test_lolodrive_iter4.TestLoloHourEvents" name="test_reserve_event_marie_then_duplicate" time="0.463"><failure message="AssertionError: {&quot;detail&quot;:&quot;Limite atteinte (2 par utilisateur)&quot;}&#10;assert 400 == 200&#10; +  where 400 = &lt;Response [400]&gt;.status_code">backend/tests/test_lolodrive_iter4.py:94: in test_reserve_event_marie_then_duplicate
    assert r.status_code == 200, r.text
E   AssertionError: {"detail":"Limite atteinte (2 par utilisateur)"}
E   assert 400 == 200
E    +  where 400 = &lt;Response [400]&gt;.status_code</failure></testcase><testcase classname="backend.tests.test_lolodrive_iter4.TestLoloHourEvents" name="test_cancel_reservation" time="0.235" /><testcase classname="backend.tests.test_lolodrive_iter4.TestLoloHourEvents" name="test_reserve_pass_only_requires_pass" time="0.544" /><testcase classname="backend.tests.test_lolodrive_iter4.TestLoloHourEvents" name="test_admin_list_reservations" time="0.227" /><testcase classname="backend.tests.test_lolodrive_iter4.TestLoloHourEvents" name="test_admin_link_products_to_event" time="0.213" /><testcase classname="backend.tests.test_lolodrive_iter4.TestManager" name="test_manager_my_point_gerant" time="0.427" /><testcase classname="backend.tests.test_lolodrive_iter4.TestManager" name="test_manager_my_point_admin_no_assign" time="0.104" /><testcase classname="backend.tests.test_lolodrive_iter4.TestManager" name="test_manager_my_orders" time="0.106" /><testcase classname="backend.tests.test_lolodrive_iter4.TestManager" name="test_manager_my_payout_preview" time="0.110" /><testcase classname="backend.tests.test_lolodrive_iter4.TestTimeseries" name="test_timeseries[revenue]" time="0.110" /><testcase classname="backend.tests.test_lolodrive_iter4.TestTimeseries" name="test_timeseries[orders]" time="0.131" /><testcase classname="backend.tests.test_lolodrive_iter4.TestTimeseries" name="test_timeseries[uc_consumed]" time="0.117" /><testcase classname="backend.tests.test_lolodrive_iter4.TestTimeseries" name="test_timeseries[pass_activations]" time="0.118" /><testcase classname="backend.tests.test_lolodrive_iter4.TestTimeseries" name="test_timeseries_invalid_metric" time="0.104" /><testcase classname="backend.tests.test_lolodrive_iter4.TestCrmPatches" name="test_update_opp_stage" time="0.307" /><testcase classname="backend.tests.test_lolodrive_iter4.TestCrmPatches" name="test_update_opp_stage_missing_body" time="0.210" /><testcase classname="backend.tests.test_lolodrive_iter4.TestCrmPatches" name="test_update_task_status_done" time="0.212" /><testcase classname="backend.tests.test_lolodrive_iter4.TestCrmPatches" name="test_update_task_status_invalid" time="0.281" /><testcase classname="backend.tests.test_lolodrive_iter4.TestCrmPatches" name="test_update_dossier_status" time="0.232" /></testsuite></testsuites>