<?xml version="1.0" encoding="utf-8"?><testsuites name="pytest tests"><testsuite name="pytest" errors="0" failures="0" skipped="0" tests="11" time="2.894" timestamp="2026-09-13T23:12:21.462156+00:00" hostname="agent-env-09ac7544-25ed-4da3-a185-8753a4ef3175"><testcase classname="backend.tests.test_iter94_lolodrive_capacity.TestRelayCapacities" name="test_availability_pickup_capacity_2" time="0.258" /><testcase classname="backend.tests.test_iter94_lolodrive_capacity.TestRelayCapacities" name="test_availability_delivery_capacity_1" time="0.119" /><testcase classname="backend.tests.test_iter94_lolodrive_capacity.TestRelayCapacities" name="test_calendar_put_rejects_negative_delivery_capacity" time="0.528" /><testcase classname="backend.tests.test_iter94_lolodrive_capacity.TestRelayCapacities" name="test_calendar_put_accepts_delivery_capacity" time="0.117" /><testcase classname="backend.tests.test_iter94_lolodrive_capacity.TestManagerPlanning" name="test_gerant_planning_ok" time="0.141" /><testcase classname="backend.tests.test_iter94_lolodrive_capacity.TestManagerPlanning" name="test_pos_operator_can_access_planning" time="0.479" /><testcase classname="backend.tests.test_iter94_lolodrive_capacity.TestManagerPlanning" name="test_member_cannot_access_planning" time="0.471" /><testcase classname="backend.tests.test_iter94_lolodrive_capacity.TestManagerPlanning" name="test_planning_requires_auth" time="0.143" /><testcase classname="backend.tests.test_iter94_lolodrive_capacity.TestCheckoutCapacityPerType" name="test_delivery_slot_full_returns_409" time="0.151" /><testcase classname="backend.tests.test_iter94_lolodrive_capacity.TestCheckoutCapacityPerType" name="test_drive_capacity_2_accepts_second_then_refuses_third" time="0.317" /><testcase classname="backend.tests.test_iter94_lolodrive_capacity.TestCheckoutCapacityPerType" name="test_cleanup_created_orders" time="0.080" /></testsuite></testsuites>