<?xml version="1.0" encoding="utf-8"?><testsuites name="pytest tests"><testsuite name="pytest" errors="0" failures="0" skipped="0" tests="10" time="1.509" timestamp="2026-07-20T02:38:46.446407+00:00" hostname="agent-env-97b0323d-2c24-4ffc-a5ba-75aebc697a04"><testcase classname="backend.tests.test_iter60_lot4_features.TestSupplyRisk" name="test_shape_and_expected_categories" time="0.524" /><testcase classname="backend.tests.test_iter60_lot4_features.TestSupplyRisk" name="test_alimentaire_and_boissons_eleve" time="0.046" /><testcase classname="backend.tests.test_iter60_lot4_features.TestSupplyRisk" name="test_requires_auth" time="0.104" /><testcase classname="backend.tests.test_iter60_lot4_features.TestComparePdf" name="test_pdf_ok" time="0.099" /><testcase classname="backend.tests.test_iter60_lot4_features.TestComparePdf" name="test_same_ids_400" time="0.043" /><testcase classname="backend.tests.test_iter60_lot4_features.TestComparePdf" name="test_unknown_id_404" time="0.045" /><testcase classname="backend.tests.test_iter60_lot4_features.TestRemindVendors24hGuard" name="test_second_call_returns_409" time="0.401" /><testcase classname="backend.tests.test_iter60_lot4_features.TestRemindVendors24hGuard" name="test_unknown_campaign_404" time="0.058" /><testcase classname="backend.tests.test_iter60_lot4_features.TestRemindVendors24hGuard" name="test_buyer_forbidden" time="0.046" /><testcase classname="backend.tests.test_iter60_lot4_features.TestDemandForecastRegression" name="test_transport_present" time="0.047" /></testsuite></testsuites>