<?xml version="1.0" encoding="utf-8"?><testsuites name="pytest tests"><testsuite name="pytest" errors="0" failures="0" skipped="0" tests="6" time="4.599" timestamp="2026-09-06T18:41:09.000215+00:00" hostname="agent-env-09ac7544-25ed-4da3-a185-8753a4ef3175"><testcase classname="backend.tests.test_iter84_lot_features" name="test_batch_purchase_needs_creates_one_per_product" time="1.157" /><testcase classname="backend.tests.test_iter84_lot_features" name="test_upload_need_image_returns_url_and_serves" time="1.127" /><testcase classname="backend.tests.test_iter84_lot_features" name="test_community_board_has_gauge_and_flags" time="0.136" /><testcase classname="backend.tests.test_iter84_lot_features" name="test_close_grouping_flow" time="1.827" /><testcase classname="backend.tests.test_iter84_lot_features" name="test_catalog_admin_upload_image" time="0.254" /><testcase classname="backend.tests.test_iter84_lot_features" name="test_zzz_cleanup_batch_refs" time="0.008" /></testsuite></testsuites>