<?xml version="1.0" encoding="utf-8"?><testsuites name="pytest tests"><testsuite name="pytest" errors="0" failures="1" skipped="0" tests="6" time="5.404" timestamp="2026-07-17T11:39:06.131098+00:00" hostname="agent-env-97b0323d-2c24-4ffc-a5ba-75aebc697a04"><testcase classname="backend.tests.test_iter28_connectors_coppam_crmess" name="test_list_connectors_6_all_enabled" time="0.614" /><testcase classname="backend.tests.test_iter28_connectors_coppam_crmess" name="test_health_crm_ess_ok" time="1.697" /><testcase classname="backend.tests.test_iter28_connectors_coppam_crmess" name="test_health_coppam_ok" time="0.506" /><testcase classname="backend.tests.test_iter28_connectors_coppam_crmess" name="test_sync_events_contains_4_connectors_for_order" time="0.055" /><testcase classname="backend.tests.test_iter28_connectors_coppam_crmess" name="test_retry_coppam_stays_error_and_increments_attempts" time="1.990" /><testcase classname="backend.tests.test_iter28_connectors_coppam_crmess" name="test_buyer_login_and_catalogue" time="0.441"><failure message="AssertionError: Catalogue KO: 404 {&quot;detail&quot;:&quot;Not Found&quot;}&#10;assert 404 == 200&#10; +  where 404 = &lt;Response [404]&gt;.status_code">backend/tests/test_iter28_connectors_coppam_crmess.py:129: in test_buyer_login_and_catalogue
    assert r2.status_code == 200, f"Catalogue KO: {r2.status_code} {r2.text[:200]}"
E   AssertionError: Catalogue KO: 404 {"detail":"Not Found"}
E   assert 404 == 200
E    +  where 404 = &lt;Response [404]&gt;.status_code</failure></testcase></testsuite></testsuites>