<?xml version="1.0" encoding="utf-8"?><testsuites name="pytest tests"><testsuite name="pytest" errors="0" failures="0" skipped="0" tests="5" time="1.691" timestamp="2026-07-20T03:11:37.568308+00:00" hostname="agent-env-97b0323d-2c24-4ffc-a5ba-75aebc697a04"><testcase classname="backend.tests.test_iter61_territories_and_orders" name="test_list_territories_admin" time="0.430" /><testcase classname="backend.tests.test_iter61_territories_and_orders" name="test_list_territories_buyer_forbidden" time="0.378" /><testcase classname="backend.tests.test_iter61_territories_and_orders" name="test_territory_full_crud_and_public_visibility" time="0.658" /><testcase classname="backend.tests.test_iter61_territories_and_orders" name="test_delete_territory_with_orders_forbidden" time="0.096" /><testcase classname="backend.tests.test_iter61_territories_and_orders" name="test_buyer_orders_list_ok" time="0.047" /></testsuite></testsuites>