<?xml version="1.0" encoding="utf-8"?><testsuites name="pytest tests"><testsuite name="pytest" errors="0" failures="0" skipped="0" tests="14" time="3.262" timestamp="2026-05-22T05:34:34.294268+00:00" hostname="agent-env-97b0323d-2c24-4ffc-a5ba-75aebc697a04"><testcase classname="backend.tests.test_iter6_sprint.TestCatalogTerritoryLocal" name="test_gp_has_antilles_and_generic_no_re" time="0.456" /><testcase classname="backend.tests.test_iter6_sprint.TestCatalogTerritoryLocal" name="test_re_has_reunion_and_generic" time="0.101" /><testcase classname="backend.tests.test_iter6_sprint.TestCatalogTerritoryLocal" name="test_gf_has_guyane_and_generic_with_jus_mangue" time="0.106" /><testcase classname="backend.tests.test_iter6_sprint.TestCatalogTerritoryLocal" name="test_mq_excludes_manioc_and_vanille_keeps_oeufs_poulet" time="0.100" /><testcase classname="backend.tests.test_iter6_sprint.TestBrevoWebhook" name="test_webhook_post_list" time="0.106" /><testcase classname="backend.tests.test_iter6_sprint.TestBrevoWebhook" name="test_metrics_summary" time="0.151" /><testcase classname="backend.tests.test_iter6_sprint.TestPassAutoRenew" name="test_enable_and_disable" time="0.420" /><testcase classname="backend.tests.test_iter6_sprint.TestReferral" name="test_get_my_code_format_idempotent" time="0.219" /><testcase classname="backend.tests.test_iter6_sprint.TestReferral" name="test_claim_own_code_400" time="0.205" /><testcase classname="backend.tests.test_iter6_sprint.TestReferral" name="test_claim_invalid_code_404" time="0.425" /><testcase classname="backend.tests.test_iter6_sprint.TestReferral" name="test_claim_success_and_credit" time="0.240" /><testcase classname="backend.tests.test_iter6_sprint.TestReferral" name="test_claim_twice_409" time="0.106" /><testcase classname="backend.tests.test_iter6_sprint.TestReferral" name="test_stats_admin" time="0.118" /><testcase classname="backend.tests.test_iter6_sprint.TestReferral" name="test_stats_non_admin_403" time="0.442" /></testsuite></testsuites>