<?xml version="1.0" encoding="utf-8"?><testsuites name="pytest tests"><testsuite name="pytest" errors="0" failures="0" skipped="0" tests="6" time="1.580" timestamp="2026-07-20T00:34:39.803004+00:00" hostname="agent-env-97b0323d-2c24-4ffc-a5ba-75aebc697a04"><testcase classname="tests.test_iter55_lot_features" name="test_referral_me_vendor" time="0.556" /><testcase classname="tests.test_iter55_lot_features" name="test_referral_claim_own_code_400" time="0.099" /><testcase classname="tests.test_iter55_lot_features" name="test_admin_overview_forbidden_vendor" time="0.104" /><testcase classname="tests.test_iter55_lot_features" name="test_admin_overview_aggregates" time="0.525" /><testcase classname="tests.test_iter55_lot_features" name="test_liquidity_threshold_alert_crossing" time="0.212" /><testcase classname="tests.test_iter55_lot_features" name="test_zz_cleanup" time="0.006" /></testsuite></testsuites>