<?xml version="1.0" encoding="utf-8"?><testsuites name="pytest tests"><testsuite name="pytest" errors="0" failures="0" skipped="0" tests="6" time="2.401" timestamp="2026-07-19T14:30:22.039799+00:00" hostname="agent-env-97b0323d-2c24-4ffc-a5ba-75aebc697a04"><testcase classname="backend.tests.test_iter10_sprint.TestAdminPortalGating" name="test_login_without_portal_admin_returns_403" time="0.487" /><testcase classname="backend.tests.test_iter10_sprint.TestAdminPortalGating" name="test_login_with_portal_admin_returns_200" time="0.363" /><testcase classname="backend.tests.test_iter10_sprint.TestComplianceArchiveGedRuns" name="test_runs_endpoint_returns_list" time="0.426" /><testcase classname="backend.tests.test_iter10_sprint.TestMemberRegistryExtract" name="test_extract_valid_siret_returns_pdf" time="0.106" /><testcase classname="backend.tests.test_iter10_sprint.TestMemberRegistryExtract" name="test_extract_invalid_siret_returns_404" time="0.715" /><testcase classname="backend.tests.test_iter10_sprint.TestBackendHealth" name="test_backend_up" time="0.107" /></testsuite></testsuites>