<?xml version="1.0" encoding="utf-8"?><testsuites name="pytest tests"><testsuite name="pytest" errors="0" failures="1" skipped="0" tests="6" time="2.823" timestamp="2026-07-18T10:06:24.434423+00:00" hostname="agent-env-97b0323d-2c24-4ffc-a5ba-75aebc697a04"><testcase classname="backend.tests.test_iter41_buyer_pro_registry.TestBuyerProFlow" name="test_full_flow" time="1.410" /><testcase classname="backend.tests.test_iter41_buyer_pro_registry.TestRegistryAuth" name="test_registry_forbidden_for_non_admin" time="0.466" /><testcase classname="backend.tests.test_iter41_buyer_pro_registry.TestRegistryAuth" name="test_registry_lists_vendor_pro" time="0.068" /><testcase classname="backend.tests.test_iter41_buyer_pro_registry.TestSupportStats" name="test_stats_admin_only" time="0.050" /><testcase classname="backend.tests.test_iter41_buyer_pro_registry.TestSupportStats" name="test_stats_forbidden_for_non_admin" time="0.373" /><testcase classname="backend.tests.test_iter41_buyer_pro_registry.TestSupportTicketRegression" name="test_create_ticket_public" time="0.093"><failure message="AssertionError: create ticket: 404 {&quot;detail&quot;:&quot;Not Found&quot;}&#10;assert 404 in (200, 201)&#10; +  where 404 = &lt;Response [404]&gt;.status_code">backend/tests/test_iter41_buyer_pro_registry.py:178: in test_create_ticket_public
    assert r.status_code in (200, 201), f"create ticket: {r.status_code} {r.text[:200]}"
E   AssertionError: create ticket: 404 {"detail":"Not Found"}
E   assert 404 in (200, 201)
E    +  where 404 = &lt;Response [404]&gt;.status_code</failure></testcase></testsuite></testsuites>