<?xml version="1.0" encoding="utf-8"?><testsuites name="pytest tests"><testsuite name="pytest" errors="0" failures="0" skipped="0" tests="30" time="6.858" timestamp="2026-05-22T02:38:00.765641+00:00" hostname="agent-env-97b0323d-2c24-4ffc-a5ba-75aebc697a04"><testcase classname="backend.tests.test_lolodrive_oscoop.TestAuth" name="test_admin_login" time="0.455" /><testcase classname="backend.tests.test_lolodrive_oscoop.TestAuth" name="test_marie_login" time="0.366" /><testcase classname="backend.tests.test_lolodrive_oscoop.TestLolodriveHealth" name="test_health" time="0.125" /><testcase classname="backend.tests.test_lolodrive_oscoop.TestPassWallet" name="test_marie_pass_active" time="0.464" /><testcase classname="backend.tests.test_lolodrive_oscoop.TestPassWallet" name="test_marie_wallet_ledger" time="0.145" /><testcase classname="backend.tests.test_lolodrive_oscoop.TestCatalog" name="test_products_list" time="0.135" /><testcase classname="backend.tests.test_lolodrive_oscoop.TestCatalog" name="test_catalog_quote" time="0.219" /><testcase classname="backend.tests.test_lolodrive_oscoop.TestOrders" name="test_my_orders_marie" time="0.108" /><testcase classname="backend.tests.test_lolodrive_oscoop.TestOrders" name="test_create_order_drive" time="0.229" /><testcase classname="backend.tests.test_lolodrive_oscoop.TestOrders" name="test_pay_uc_decrements_wallet" time="0.603" /><testcase classname="backend.tests.test_lolodrive_oscoop.TestPOS" name="test_pos_orders_list" time="0.482" /><testcase classname="backend.tests.test_lolodrive_oscoop.TestPOS" name="test_pos_filter_status" time="0.109" /><testcase classname="backend.tests.test_lolodrive_oscoop.TestPOS" name="test_pos_status_transition_to_fulfilled" time="0.714" /><testcase classname="backend.tests.test_lolodrive_oscoop.TestLoloPoints" name="test_list_points" time="0.103" /><testcase classname="backend.tests.test_lolodrive_oscoop.TestLoloPoints" name="test_payout_preview" time="0.249" /><testcase classname="backend.tests.test_lolodrive_oscoop.TestEvents" name="test_active_events" time="0.146" /><testcase classname="backend.tests.test_lolodrive_oscoop.TestAdminKPI" name="test_kpi_overview" time="0.134" /><testcase classname="backend.tests.test_lolodrive_oscoop.TestCRM" name="test_impact_summary" time="0.111" /><testcase classname="backend.tests.test_lolodrive_oscoop.TestCRM" name="test_contacts_seed" time="0.126" /><testcase classname="backend.tests.test_lolodrive_oscoop.TestCRM" name="test_organizations_seed" time="0.143" /><testcase classname="backend.tests.test_lolodrive_oscoop.TestCRM" name="test_opportunities_seed" time="0.108" /><testcase classname="backend.tests.test_lolodrive_oscoop.TestCRM" name="test_dossiers_seed" time="0.103" /><testcase classname="backend.tests.test_lolodrive_oscoop.TestCRM" name="test_tasks_seed" time="0.114" /><testcase classname="backend.tests.test_lolodrive_oscoop.TestCRM" name="test_rebuild_from_lolodrive" time="0.118" /><testcase classname="backend.tests.test_lolodrive_oscoop.TestDemoEndpoints" name="test_simulate_pass_activation" time="0.269" /><testcase classname="backend.tests.test_lolodrive_oscoop.TestDemoEndpoints" name="test_my_savings" time="0.114" /><testcase classname="backend.tests.test_lolodrive_oscoop.TestDemoEndpoints" name="test_simulate_order_payment" time="0.320" /><testcase classname="backend.tests.test_lolodrive_oscoop.TestKPIPeriods" name="test_kpi_7d" time="0.114" /><testcase classname="backend.tests.test_lolodrive_oscoop.TestKPIPeriods" name="test_kpi_30d" time="0.118" /><testcase classname="backend.tests.test_lolodrive_oscoop.TestKPIPeriods" name="test_kpi_90d" time="0.154" /></testsuite></testsuites>