<?xml version="1.0" encoding="utf-8"?><testsuites name="pytest tests"><testsuite name="pytest" errors="0" failures="0" skipped="0" tests="11" time="3.527" timestamp="2026-05-22T03:01:52.520060+00:00" hostname="agent-env-97b0323d-2c24-4ffc-a5ba-75aebc697a04"><testcase classname="backend.tests.test_lolodrive_iter3.TestStripeCheckout" name="test_pass_session_creates" time="0.516" /><testcase classname="backend.tests.test_lolodrive_iter3.TestStripeCheckout" name="test_recharge_session_active_pass" time="0.119" /><testcase classname="backend.tests.test_lolodrive_iter3.TestStripeCheckout" name="test_recharge_session_invalid_pack" time="0.109" /><testcase classname="backend.tests.test_lolodrive_iter3.TestStripeCheckout" name="test_order_session_for_pending" time="0.242" /><testcase classname="backend.tests.test_lolodrive_iter3.TestStripeCheckout" name="test_status_endpoint" time="0.222" /><testcase classname="backend.tests.test_lolodrive_iter3.TestWebhook" name="test_webhook_route_exists" time="0.104" /><testcase classname="backend.tests.test_lolodrive_iter3.TestPosCancel" name="test_cancel_with_refund_uc" time="0.808" /><testcase classname="backend.tests.test_lolodrive_iter3.TestPosCancel" name="test_cancel_without_refund" time="0.447" /><testcase classname="backend.tests.test_lolodrive_iter3.TestPosCancel" name="test_cancel_invalid_status" time="0.564" /><testcase classname="backend.tests.test_lolodrive_iter3.TestAdminKpiDashboard" name="test_dashboard_kpis" time="0.121" /><testcase classname="backend.tests.test_lolodrive_iter3.TestWebSocket" name="test_ws_connect_and_welcome" time="0.188" /></testsuite></testsuites>