<?xml version="1.0" encoding="utf-8"?><testsuites name="pytest tests"><testsuite name="pytest" errors="0" failures="0" skipped="0" tests="24" time="5.540" timestamp="2026-05-22T02:24:25.595673+00:00" hostname="agent-env-97b0323d-2c24-4ffc-a5ba-75aebc697a04"><testcase classname="backend.tests.test_lolodrive_oscoop.TestAuth" name="test_admin_login" time="0.391" /><testcase classname="backend.tests.test_lolodrive_oscoop.TestAuth" name="test_marie_login" time="0.332" /><testcase classname="backend.tests.test_lolodrive_oscoop.TestLolodriveHealth" name="test_health" time="0.114" /><testcase classname="backend.tests.test_lolodrive_oscoop.TestPassWallet" name="test_marie_pass_active" time="0.495" /><testcase classname="backend.tests.test_lolodrive_oscoop.TestPassWallet" name="test_marie_wallet_ledger" time="0.104" /><testcase classname="backend.tests.test_lolodrive_oscoop.TestCatalog" name="test_products_list" time="0.114" /><testcase classname="backend.tests.test_lolodrive_oscoop.TestCatalog" name="test_catalog_quote" time="0.224" /><testcase classname="backend.tests.test_lolodrive_oscoop.TestOrders" name="test_my_orders_marie" time="0.129" /><testcase classname="backend.tests.test_lolodrive_oscoop.TestOrders" name="test_create_order_drive" time="0.229" /><testcase classname="backend.tests.test_lolodrive_oscoop.TestOrders" name="test_pay_uc_decrements_wallet" time="0.574" /><testcase classname="backend.tests.test_lolodrive_oscoop.TestPOS" name="test_pos_orders_list" time="0.450" /><testcase classname="backend.tests.test_lolodrive_oscoop.TestPOS" name="test_pos_filter_status" time="0.117" /><testcase classname="backend.tests.test_lolodrive_oscoop.TestPOS" name="test_pos_status_transition_to_fulfilled" time="0.736" /><testcase classname="backend.tests.test_lolodrive_oscoop.TestLoloPoints" name="test_list_points" time="0.110" /><testcase classname="backend.tests.test_lolodrive_oscoop.TestLoloPoints" name="test_payout_preview" time="0.219" /><testcase classname="backend.tests.test_lolodrive_oscoop.TestEvents" name="test_active_events" time="0.115" /><testcase classname="backend.tests.test_lolodrive_oscoop.TestAdminKPI" name="test_kpi_overview" time="0.122" /><testcase classname="backend.tests.test_lolodrive_oscoop.TestCRM" name="test_impact_summary" time="0.126" /><testcase classname="backend.tests.test_lolodrive_oscoop.TestCRM" name="test_contacts_seed" time="0.112" /><testcase classname="backend.tests.test_lolodrive_oscoop.TestCRM" name="test_organizations_seed" time="0.117" /><testcase classname="backend.tests.test_lolodrive_oscoop.TestCRM" name="test_opportunities_seed" time="0.118" /><testcase classname="backend.tests.test_lolodrive_oscoop.TestCRM" name="test_dossiers_seed" time="0.135" /><testcase classname="backend.tests.test_lolodrive_oscoop.TestCRM" name="test_tasks_seed" time="0.111" /><testcase classname="backend.tests.test_lolodrive_oscoop.TestCRM" name="test_rebuild_from_lolodrive" time="0.140" /></testsuite></testsuites>