<?xml version="1.0" encoding="utf-8"?><testsuites name="pytest tests"><testsuite name="pytest" errors="0" failures="0" skipped="0" tests="30" time="6.283" timestamp="2026-05-22T03:02:00.602329+00:00" hostname="agent-env-97b0323d-2c24-4ffc-a5ba-75aebc697a04"><testcase classname="backend.tests.test_lolodrive_oscoop.TestAuth" name="test_admin_login" time="0.356" /><testcase classname="backend.tests.test_lolodrive_oscoop.TestAuth" name="test_marie_login" time="0.329" /><testcase classname="backend.tests.test_lolodrive_oscoop.TestLolodriveHealth" name="test_health" time="0.099" /><testcase classname="backend.tests.test_lolodrive_oscoop.TestPassWallet" name="test_marie_pass_active" time="0.432" /><testcase classname="backend.tests.test_lolodrive_oscoop.TestPassWallet" name="test_marie_wallet_ledger" time="0.116" /><testcase classname="backend.tests.test_lolodrive_oscoop.TestCatalog" name="test_products_list" time="0.110" /><testcase classname="backend.tests.test_lolodrive_oscoop.TestCatalog" name="test_catalog_quote" time="0.250" /><testcase classname="backend.tests.test_lolodrive_oscoop.TestOrders" name="test_my_orders_marie" time="0.111" /><testcase classname="backend.tests.test_lolodrive_oscoop.TestOrders" name="test_create_order_drive" time="0.224" /><testcase classname="backend.tests.test_lolodrive_oscoop.TestOrders" name="test_pay_uc_decrements_wallet" time="0.571" /><testcase classname="backend.tests.test_lolodrive_oscoop.TestPOS" name="test_pos_orders_list" time="0.449" /><testcase classname="backend.tests.test_lolodrive_oscoop.TestPOS" name="test_pos_filter_status" time="0.122" /><testcase classname="backend.tests.test_lolodrive_oscoop.TestPOS" name="test_pos_status_transition_to_fulfilled" time="0.689" /><testcase classname="backend.tests.test_lolodrive_oscoop.TestLoloPoints" name="test_list_points" time="0.105" /><testcase classname="backend.tests.test_lolodrive_oscoop.TestLoloPoints" name="test_payout_preview" time="0.237" /><testcase classname="backend.tests.test_lolodrive_oscoop.TestEvents" name="test_active_events" time="0.102" /><testcase classname="backend.tests.test_lolodrive_oscoop.TestAdminKPI" name="test_kpi_overview" time="0.109" /><testcase classname="backend.tests.test_lolodrive_oscoop.TestCRM" name="test_impact_summary" time="0.128" /><testcase classname="backend.tests.test_lolodrive_oscoop.TestCRM" name="test_contacts_seed" time="0.104" /><testcase classname="backend.tests.test_lolodrive_oscoop.TestCRM" name="test_organizations_seed" time="0.102" /><testcase classname="backend.tests.test_lolodrive_oscoop.TestCRM" name="test_opportunities_seed" time="0.109" /><testcase classname="backend.tests.test_lolodrive_oscoop.TestCRM" name="test_dossiers_seed" time="0.117" /><testcase classname="backend.tests.test_lolodrive_oscoop.TestCRM" name="test_tasks_seed" time="0.104" /><testcase classname="backend.tests.test_lolodrive_oscoop.TestCRM" name="test_rebuild_from_lolodrive" time="0.146" /><testcase classname="backend.tests.test_lolodrive_oscoop.TestDemoEndpoints" name="test_simulate_pass_activation" time="0.243" /><testcase classname="backend.tests.test_lolodrive_oscoop.TestDemoEndpoints" name="test_my_savings" time="0.105" /><testcase classname="backend.tests.test_lolodrive_oscoop.TestDemoEndpoints" name="test_simulate_order_payment" time="0.317" /><testcase classname="backend.tests.test_lolodrive_oscoop.TestKPIPeriods" name="test_kpi_7d" time="0.104" /><testcase classname="backend.tests.test_lolodrive_oscoop.TestKPIPeriods" name="test_kpi_30d" time="0.109" /><testcase classname="backend.tests.test_lolodrive_oscoop.TestKPIPeriods" name="test_kpi_90d" time="0.104" /></testsuite></testsuites>