<?xml version="1.0" encoding="utf-8"?><testsuites name="pytest tests"><testsuite name="pytest" errors="0" failures="0" skipped="0" tests="22" time="2.693" timestamp="2026-07-16T05:33:33.373951+00:00" hostname="agent-env-97b0323d-2c24-4ffc-a5ba-75aebc697a04"><testcase classname="backend.tests.test_lot2_refactor_regression.TestCoreAuthRoutes" name="test_root" time="0.153" /><testcase classname="backend.tests.test_lot2_refactor_regression.TestCoreAuthRoutes" name="test_health" time="0.042" /><testcase classname="backend.tests.test_lot2_refactor_regression.TestCoreAuthRoutes" name="test_login_buyer" time="0.291" /><testcase classname="backend.tests.test_lot2_refactor_regression.TestCoreAuthRoutes" name="test_login_admin_is_admin" time="0.263" /><testcase classname="backend.tests.test_lot2_refactor_regression.TestCoreAuthRoutes" name="test_auth_me_buyer" time="0.321" /><testcase classname="backend.tests.test_lot2_refactor_regression.TestCoreAuthRoutes" name="test_register_and_login" time="0.537" /><testcase classname="backend.tests.test_lot2_refactor_regression.TestCoreUsersRoutes" name="test_users_stats_buyer" time="0.053" /><testcase classname="backend.tests.test_lot2_refactor_regression.TestCoreUsersRoutes" name="test_credits_buyer" time="0.044" /><testcase classname="backend.tests.test_lot2_refactor_regression.TestCoreUsersRoutes" name="test_subscriptions_public" time="0.045" /><testcase classname="backend.tests.test_lot2_refactor_regression.TestCoreUsersRoutes" name="test_documents_public" time="0.044" /><testcase classname="backend.tests.test_lot2_refactor_regression.TestCoreUsersRoutes" name="test_create_quote_public" time="0.043" /><testcase classname="backend.tests.test_lot2_refactor_regression.TestCoreAdminRoutes" name="test_admin_stats" time="0.320" /><testcase classname="backend.tests.test_lot2_refactor_regression.TestCoreAdminRoutes" name="test_admin_users" time="0.044" /><testcase classname="backend.tests.test_lot2_refactor_regression.TestCoreAdminRoutes" name="test_admin_quotes" time="0.043" /><testcase classname="backend.tests.test_lot2_refactor_regression.TestCoreAdminRoutes" name="test_admin_organizations" time="0.043" /><testcase classname="backend.tests.test_lot2_refactor_regression.TestCoreNotifications" name="test_notifications_list" time="0.044" /><testcase classname="backend.tests.test_lot2_refactor_regression.TestCoreNotifications" name="test_notifications_read_all" time="0.048" /><testcase classname="backend.tests.test_lot2_refactor_regression.TestCoreOrgsRoutes" name="test_zones_public" time="0.045" /><testcase classname="backend.tests.test_lot2_refactor_regression.TestIncludedRouters" name="test_superadmin_kpis" time="0.054" /><testcase classname="backend.tests.test_lot2_refactor_regression.TestIncludedRouters" name="test_v2_plans" time="0.043" /><testcase classname="backend.tests.test_lot2_refactor_regression.TestIncludedRouters" name="test_lolodrive_territories" time="0.042" /><testcase classname="backend.tests.test_lot2_refactor_regression.TestIncludedRouters" name="test_payments_packages_buyer" time="0.043" /></testsuite></testsuites>