<?xml version="1.0" encoding="utf-8"?><testsuites name="pytest tests"><testsuite name="pytest" errors="0" failures="0" skipped="0" tests="15" time="1.532" timestamp="2026-07-16T05:56:48.771515+00:00" hostname="agent-env-97b0323d-2c24-4ffc-a5ba-75aebc697a04"><testcase classname="backend.tests.test_lot3_refactor_regression.TestCatalog" name="test_categories" time="0.241" /><testcase classname="backend.tests.test_lot3_refactor_regression.TestCatalog" name="test_products" time="0.333" /><testcase classname="backend.tests.test_lot3_refactor_regression.TestCartV2" name="test_get_cart" time="0.040" /><testcase classname="backend.tests.test_lot3_refactor_regression.TestCartV2" name="test_installment_calculate" time="0.041" /><testcase classname="backend.tests.test_lot3_refactor_regression.TestCartV2" name="test_add_and_clear_cart" time="0.124" /><testcase classname="backend.tests.test_lot3_refactor_regression.TestOrdersV2" name="test_list_orders_buyer" time="0.040" /><testcase classname="backend.tests.test_lot3_refactor_regression.TestV2Core" name="test_plans" time="0.039" /><testcase classname="backend.tests.test_lot3_refactor_regression.TestV2Core" name="test_me" time="0.040" /><testcase classname="backend.tests.test_lot3_refactor_regression.TestV2Core" name="test_admin_orgs" time="0.304" /><testcase classname="backend.tests.test_lot3_refactor_regression.TestV2Core" name="test_admin_applications" time="0.042" /><testcase classname="backend.tests.test_lot3_refactor_regression.TestAdminESS" name="test_stats" time="0.043" /><testcase classname="backend.tests.test_lot3_refactor_regression.TestAdminESS" name="test_zones" time="0.041" /><testcase classname="backend.tests.test_lot3_refactor_regression.TestAdminESS" name="test_policies" time="0.042" /><testcase classname="backend.tests.test_lot3_refactor_regression.TestAdminESS" name="test_rules_list" time="0.040" /><testcase classname="backend.tests.test_lot3_refactor_regression.TestAdminESS" name="test_capacity_list" time="0.039" /></testsuite></testsuites>