<?xml version="1.0" encoding="utf-8"?><testsuites name="pytest tests"><testsuite name="pytest" errors="0" failures="1" skipped="0" tests="15" time="1.465" timestamp="2026-07-16T06:22:25.046422+00:00" hostname="agent-env-97b0323d-2c24-4ffc-a5ba-75aebc697a04"><testcase classname="backend.tests.test_lot4_refactor_regression.TestVendorPublic" name="test_countries" time="0.277"><failure message="assert (False)&#10; +  where False = isinstance({'countries': [{'code': 'DE', 'flag': '#x1F1E9#x1F1EA', 'name': 'Allemagne'}, {'code': 'BE', 'flag': '#x1F1E7#x1F1EA', 'name': 'Belgique'}, {'code': 'BR', 'flag': '#x1F1E7#x1F1F7', 'name': 'Brésil'}, {'code': 'CN', 'flag': '#x1F1E8#x1F1F3', 'name': 'Chine'}, {'code': 'CI', 'flag': '#x1F1E8#x1F1EE', 'name': &quot;Côte d'Ivoire&quot;}, {'code': 'ES', 'flag': '#x1F1EA#x1F1F8', 'name': 'Espagne'}, ...]}, list)">backend/tests/test_lot4_refactor_regression.py:45: in test_countries
    assert isinstance(data, list) and len(data) &gt; 0
E   assert (False)
E    +  where False = isinstance({'countries': [{'code': 'DE', 'flag': '#x1F1E9#x1F1EA', 'name': 'Allemagne'}, {'code': 'BE', 'flag': '#x1F1E7#x1F1EA', 'name': 'Belgique'}, {'code': 'BR', 'flag': '#x1F1E7#x1F1F7', 'name': 'Brésil'}, {'code': 'CN', 'flag': '#x1F1E8#x1F1F3', 'name': 'Chine'}, {'code': 'CI', 'flag': '#x1F1E8#x1F1EE', 'name': "Côte d'Ivoire"}, {'code': 'ES', 'flag': '#x1F1EA#x1F1F8', 'name': 'Espagne'}, ...]}, list)</failure></testcase><testcase classname="backend.tests.test_lot4_refactor_regression.TestVendorPublic" name="test_vendor_dashboard" time="0.046" /><testcase classname="backend.tests.test_lot4_refactor_regression.TestVendorPublic" name="test_vendor_products" time="0.043" /><testcase classname="backend.tests.test_lot4_refactor_regression.TestVendorAdmin" name="test_admin_list" time="0.337" /><testcase classname="backend.tests.test_lot4_refactor_regression.TestVendorAdmin" name="test_admin_products_pending" time="0.040" /><testcase classname="backend.tests.test_lot4_refactor_regression.TestVendorAdmin" name="test_alias_admin_products_pending" time="0.041" /><testcase classname="backend.tests.test_lot4_refactor_regression.TestSuperadmin" name="test_kpis" time="0.051" /><testcase classname="backend.tests.test_lot4_refactor_regression.TestSuperadmin" name="test_alerts" time="0.042" /><testcase classname="backend.tests.test_lot4_refactor_regression.TestSuperadmin" name="test_recent_activity" time="0.040" /><testcase classname="backend.tests.test_lot4_refactor_regression.TestSuperadmin" name="test_advanced_stats" time="0.042" /><testcase classname="backend.tests.test_lot4_refactor_regression.TestSuperadmin" name="test_vendors_kept" time="0.040" /><testcase classname="backend.tests.test_lot4_refactor_regression.TestLots23Smoke" name="test_health" time="0.037" /><testcase classname="backend.tests.test_lot4_refactor_regression.TestLots23Smoke" name="test_buyer_login" time="0.262" /><testcase classname="backend.tests.test_lot4_refactor_regression.TestLots23Smoke" name="test_v2_catalog_products" time="0.044" /><testcase classname="backend.tests.test_lot4_refactor_regression.TestLots23Smoke" name="test_zones" time="0.040" /></testsuite></testsuites>