<?xml version="1.0" encoding="utf-8"?><testsuites name="pytest tests"><testsuite name="pytest" errors="0" failures="0" skipped="0" tests="33" time="3.039" timestamp="2026-07-16T07:05:30.601854+00:00" hostname="agent-env-97b0323d-2c24-4ffc-a5ba-75aebc697a04"><testcase classname="backend.tests.test_lot5_refactor_regression.TestServerHealth" name="test_health" time="0.691" /><testcase classname="backend.tests.test_lot5_refactor_regression.TestLolodrivePublic" name="test_health" time="0.048" /><testcase classname="backend.tests.test_lot5_refactor_regression.TestLolodrivePublic" name="test_territories" time="0.042" /><testcase classname="backend.tests.test_lot5_refactor_regression.TestLolodrivePublic" name="test_points" time="0.043" /><testcase classname="backend.tests.test_lot5_refactor_regression.TestLolodrivePublic" name="test_events_active" time="0.046" /><testcase classname="backend.tests.test_lot5_refactor_regression.TestLolodrivePublic" name="test_logistics_config" time="0.045" /><testcase classname="backend.tests.test_lot5_refactor_regression.TestLolodrivePublic" name="test_delivery_zones" time="0.046" /><testcase classname="backend.tests.test_lot5_refactor_regression.TestLolodriveBuyer" name="test_pass_me" time="0.338" /><testcase classname="backend.tests.test_lot5_refactor_regression.TestLolodriveBuyer" name="test_wallet_me" time="0.045" /><testcase classname="backend.tests.test_lot5_refactor_regression.TestLolodriveBuyer" name="test_catalog_products" time="0.051" /><testcase classname="backend.tests.test_lot5_refactor_regression.TestLolodriveAdmin" name="test_kpi_overview" time="0.315" /><testcase classname="backend.tests.test_lot5_refactor_regression.TestLolodriveAdmin" name="test_stripe_mode" time="0.042" /><testcase classname="backend.tests.test_lot5_refactor_regression.TestLolodriveManager" name="test_manager_my_point" time="0.315" /><testcase classname="backend.tests.test_lot5_refactor_regression.TestSignature" name="test_admin_stats" time="0.043" /><testcase classname="backend.tests.test_lot5_refactor_regression.TestSignature" name="test_admin_list" time="0.042" /><testcase classname="backend.tests.test_lot5_refactor_regression.TestSignature" name="test_initiate_empty_payload_422" time="0.041" /><testcase classname="backend.tests.test_lot5_refactor_regression.TestSignature" name="test_status_fake_id_404" time="0.042" /><testcase classname="backend.tests.test_lot5_refactor_regression.TestLogiscopV1" name="test_delivery_policy" time="0.045" /><testcase classname="backend.tests.test_lot5_refactor_regression.TestLogiscopV1" name="test_logiscop_quote" time="0.043" /><testcase classname="backend.tests.test_lot5_refactor_regression.TestLogiscopV1" name="test_checkout_quote_full_reachable" time="0.043" /><testcase classname="backend.tests.test_lot5_refactor_regression.TestOPA" name="test_zones" time="0.045" /><testcase classname="backend.tests.test_lot5_refactor_regression.TestOPA" name="test_policies" time="0.042" /><testcase classname="backend.tests.test_lot5_refactor_regression.TestOPA" name="test_bundle_data" time="0.045" /><testcase classname="backend.tests.test_lot5_refactor_regression.TestOPA" name="test_evaluate_reachable" time="0.042" /><testcase classname="backend.tests.test_lot5_refactor_regression.TestAdminPlans" name="test_list_plans" time="0.045" /><testcase classname="backend.tests.test_lot5_refactor_regression.TestAdminPlans" name="test_options" time="0.043" /><testcase classname="backend.tests.test_lot5_refactor_regression.TestAdminPlans" name="test_credits_users" time="0.044" /><testcase classname="backend.tests.test_lot5_refactor_regression.TestAdminPlans" name="test_stats" time="0.045" /><testcase classname="backend.tests.test_lot5_refactor_regression.TestSchemaV2" name="test_v2_catalog_products" time="0.045" /><testcase classname="backend.tests.test_lot5_refactor_regression.TestSchemaV2" name="test_zones" time="0.041" /><testcase classname="backend.tests.test_lot5_refactor_regression.TestGED" name="test_documents_list" time="0.043" /><testcase classname="backend.tests.test_lot5_refactor_regression.TestGED" name="test_document_cg_oscop" time="0.041" /><testcase classname="backend.tests.test_lot5_refactor_regression.TestGED" name="test_document_render" time="0.053" /></testsuite></testsuites>