<?xml version="1.0" encoding="utf-8"?><testsuites name="pytest tests"><testsuite name="pytest" errors="0" failures="0" skipped="0" tests="34" time="2.881" timestamp="2026-07-16T11:41:54.950132+00:00" hostname="agent-env-97b0323d-2c24-4ffc-a5ba-75aebc697a04"><testcase classname="tests.test_lot6_refactor_regression.TestServerHealth" name="test_health" time="0.156" /><testcase classname="tests.test_lot6_refactor_regression.TestShoppingLists" name="test_frequencies_options" time="0.345" /><testcase classname="tests.test_lot6_refactor_regression.TestShoppingLists" name="test_list_empty_or_populated" time="0.048" /><testcase classname="tests.test_lot6_refactor_regression.TestShoppingLists" name="test_full_crud_flow" time="0.404" /><testcase classname="tests.test_lot6_refactor_regression.TestUserPrefs" name="test_shortcuts_get" time="0.051" /><testcase classname="tests.test_lot6_refactor_regression.TestUserPrefs" name="test_shortcuts_suggestions" time="0.050" /><testcase classname="tests.test_lot6_refactor_regression.TestUserPrefs" name="test_favorites_get" time="0.051" /><testcase classname="tests.test_lot6_refactor_regression.TestUserPrefs" name="test_favorites_ids" time="0.050" /><testcase classname="tests.test_lot6_refactor_regression.TestUserPrefs" name="test_favorite_toggle_flow" time="0.098" /><testcase classname="tests.test_lot6_refactor_regression.TestPOD" name="test_pod_generate_empty_422" time="0.320" /><testcase classname="tests.test_lot6_refactor_regression.TestPOD" name="test_pod_get_fake_404" time="0.051" /><testcase classname="tests.test_lot6_refactor_regression.TestPOD" name="test_pod_verify_reachable" time="0.048" /><testcase classname="tests.test_lot6_refactor_regression.TestPOD" name="test_pod_by_order_reachable" time="0.050" /><testcase classname="tests.test_lot6_refactor_regression.TestLogiscop" name="test_pickup_locations" time="0.067" /><testcase classname="tests.test_lot6_refactor_regression.TestLogiscop" name="test_delivery_slots" time="0.047" /><testcase classname="tests.test_lot6_refactor_regression.TestLogiscop" name="test_rates" time="0.047" /><testcase classname="tests.test_lot6_refactor_regression.TestLogiscop" name="test_quote_reachable" time="0.049" /><testcase classname="tests.test_lot6_refactor_regression.TestESS" name="test_disclaimer" time="0.048" /><testcase classname="tests.test_lot6_refactor_regression.TestESS" name="test_tours" time="0.049" /><testcase classname="tests.test_lot6_refactor_regression.TestESS" name="test_policy_zone" time="0.048" /><testcase classname="tests.test_lot6_refactor_regression.TestESS" name="test_quote_reachable" time="0.050" /><testcase classname="tests.test_lot6_refactor_regression.TestABAC" name="test_v2_catalog_products_buyer" time="0.054" /><testcase classname="tests.test_lot6_refactor_regression.TestABAC" name="test_v2_cart_reachable" time="0.048" /><testcase classname="tests.test_lot6_refactor_regression.TestABAC" name="test_v2_orders_reachable" time="0.048" /><testcase classname="tests.test_lot6_refactor_regression.TestSchemaAndZones" name="test_admin_v1_zones" time="0.054" /><testcase classname="tests.test_lot6_refactor_regression.TestSchemaAndZones" name="test_public_zone_prep_options" time="0.050" /><testcase classname="tests.test_lot6_refactor_regression.TestSchemaAndZones" name="test_apply_cart_prep_options_reachable" time="0.051" /><testcase classname="tests.test_lot6_refactor_regression.TestWebsockets" name="test_ws_status" time="0.049" /><testcase classname="tests.test_lot6_refactor_regression.TestWebsockets" name="test_notifications_route" time="0.050" /><testcase classname="tests.test_lot6_refactor_regression.TestPDFAndContractsAndExport" name="test_pdf_orders_fake" time="0.051" /><testcase classname="tests.test_lot6_refactor_regression.TestPDFAndContractsAndExport" name="test_contracts_transport_disclaimer" time="0.048" /><testcase classname="tests.test_lot6_refactor_regression.TestPDFAndContractsAndExport" name="test_export_summary_admin" time="0.052" /><testcase classname="tests.test_lot6_refactor_regression.TestPDFAndContractsAndExport" name="test_export_organizations_csv" time="0.051" /><testcase classname="tests.test_lot6_refactor_regression.TestProductCard" name="test_v2_catalog_reachable" time="0.051" /></testsuite></testsuites>