<?xml version="1.0" encoding="utf-8"?><testsuites name="pytest tests"><testsuite name="pytest" errors="0" failures="2" skipped="0" tests="11" time="4.184" timestamp="2026-07-18T04:49:22.169644+00:00" hostname="agent-env-97b0323d-2c24-4ffc-a5ba-75aebc697a04"><testcase classname="tests.test_iter39_spot_diffusion_and_register" name="test_public_diffusion_grid" time="0.184" /><testcase classname="tests.test_iter39_spot_diffusion_and_register" name="test_admin_grid_requires_auth" time="1.301" /><testcase classname="tests.test_iter39_spot_diffusion_and_register" name="test_admin_grid_rejects_invalid_payload" time="0.225" /><testcase classname="tests.test_iter39_spot_diffusion_and_register" name="test_book_requires_auth" time="0.093" /><testcase classname="tests.test_iter39_spot_diffusion_and_register" name="test_book_buyer_forbidden" time="0.093" /><testcase classname="tests.test_iter39_spot_diffusion_and_register" name="test_vendor_diffusions_lists_active" time="0.098" /><testcase classname="tests.test_iter39_spot_diffusion_and_register" name="test_book_24h_success_and_insufficient" time="0.379" /><testcase classname="tests.test_iter39_spot_diffusion_and_register" name="test_public_gallery_only_active" time="0.100"><failure message="AssertionError: expected Rhum blanc in gallery, got ['']&#10;assert 'rhum blanc' in ''">tests/test_iter39_spot_diffusion_and_register.py:155: in test_public_gallery_only_active
    assert "rhum blanc" in joined, f"expected Rhum blanc in gallery, got {names}"
E   AssertionError: expected Rhum blanc in gallery, got ['']
E   assert 'rhum blanc' in ''</failure></testcase><testcase classname="tests.test_iter39_spot_diffusion_and_register" name="test_register_vendor_and_buyer_and_cleanup" time="1.274" /><testcase classname="tests.test_iter39_spot_diffusion_and_register" name="test_me_crediscop" time="0.109"><failure message="assert 'credits' in {'balance': 17, 'href': '/espace-vendeur', 'kind': 'vendor', 'label': &quot;CREDI'SCOP&quot;}&#10; +  where {'balance': 17, 'href': '/espace-vendeur', 'kind': 'vendor', 'label': &quot;CREDI'SCOP&quot;} = json()&#10; +    where json = &lt;Response [200]&gt;.json">tests/test_iter39_spot_diffusion_and_register.py:208: in test_me_crediscop
    assert "credits" in r.json()
E   assert 'credits' in {'balance': 17, 'href': '/espace-vendeur', 'kind': 'vendor', 'label': "CREDI'SCOP"}
E    +  where {'balance': 17, 'href': '/espace-vendeur', 'kind': 'vendor', 'label': "CREDI'SCOP"} = json()
E    +    where json = &lt;Response [200]&gt;.json</failure></testcase><testcase classname="tests.test_iter39_spot_diffusion_and_register" name="test_public_plans" time="0.131" /></testsuite></testsuites>