<?xml version="1.0" encoding="utf-8"?><testsuites name="pytest tests"><testsuite name="pytest" errors="0" failures="0" skipped="0" tests="9" time="2.390" timestamp="2026-07-18T04:09:05.466017+00:00" hostname="agent-env-97b0323d-2c24-4ffc-a5ba-75aebc697a04"><testcase classname="backend.tests.test_connectors_regression" name="test_login_all_roles[admin]" time="0.398" /><testcase classname="backend.tests.test_connectors_regression" name="test_login_all_roles[vendor]" time="0.321" /><testcase classname="backend.tests.test_connectors_regression" name="test_login_all_roles[buyer]" time="0.322" /><testcase classname="backend.tests.test_connectors_regression" name="test_connectors_list" time="0.439" /><testcase classname="backend.tests.test_connectors_regression" name="test_connectors_health_status" time="0.117" /><testcase classname="backend.tests.test_connectors_regression" name="test_connectors_sync_events" time="0.097" /><testcase classname="backend.tests.test_connectors_regression" name="test_public_plans" time="0.097" /><testcase classname="backend.tests.test_connectors_regression" name="test_public_kdmarche_videos" time="0.096" /><testcase classname="backend.tests.test_connectors_regression" name="test_vendor_credits" time="0.425" /></testsuite></testsuites>