<?xml version="1.0" encoding="utf-8"?><testsuites name="pytest tests"><testsuite name="pytest" errors="0" failures="0" skipped="0" tests="27" time="2.541" timestamp="2026-07-16T12:40:35.669380+00:00" hostname="agent-env-97b0323d-2c24-4ffc-a5ba-75aebc697a04"><testcase classname="backend.tests.test_lot7_refactor_regression.TestBuyerSeed" name="test_products_listing" time="0.622" /><testcase classname="backend.tests.test_lot7_refactor_regression.TestBuyerSeed" name="test_cart_visible" time="0.173" /><testcase classname="backend.tests.test_lot7_refactor_regression.TestBuyerSeed" name="test_orders_list" time="0.056" /><testcase classname="backend.tests.test_lot7_refactor_regression.TestBuyerSeed" name="test_pickup_locations" time="0.050" /><testcase classname="backend.tests.test_lot7_refactor_regression.TestPaymentRouter" name="test_packages_public" time="0.054" /><testcase classname="backend.tests.test_lot7_refactor_regression.TestPaymentRouter" name="test_bank_details_auth" time="0.052" /><testcase classname="backend.tests.test_lot7_refactor_regression.TestPaymentRouter" name="test_bank_details_public" time="0.055" /><testcase classname="backend.tests.test_lot7_refactor_regression.TestPaymentRouter" name="test_history_auth" time="0.049" /><testcase classname="backend.tests.test_lot7_refactor_regression.TestPaymentRouter" name="test_checkout_invalid_payload_no_live_session" time="0.051" /><testcase classname="backend.tests.test_lot7_refactor_regression.TestPaymentRouter" name="test_sepa_setup_invalid_payload" time="0.049" /><testcase classname="backend.tests.test_lot7_refactor_regression.TestPaymentRouter" name="test_sepa_setup_unauth" time="0.057" /><testcase classname="backend.tests.test_lot7_refactor_regression.TestPaymentRouter" name="test_sepa_confirm_fake" time="0.050" /><testcase classname="backend.tests.test_lot7_refactor_regression.TestCheckoutV2" name="test_payment_status_fake_order" time="0.058" /><testcase classname="backend.tests.test_lot7_refactor_regression.TestCheckoutV2" name="test_webhook_stripe_no_signature" time="0.067" /><testcase classname="backend.tests.test_lot7_refactor_regression.TestCheckoutV2" name="test_create_session_invalid_payload" time="0.056" /><testcase classname="backend.tests.test_lot7_refactor_regression.TestCheckoutV1" name="test_delivery_policy" time="0.051" /><testcase classname="backend.tests.test_lot7_refactor_regression.TestCheckoutV1" name="test_quote_invalid_payload" time="0.085" /><testcase classname="backend.tests.test_lot7_refactor_regression.TestCheckoutV1" name="test_orders_fake_id" time="0.051" /><testcase classname="backend.tests.test_lot7_refactor_regression.TestStripeAdminSplit" name="test_reconciliation_admin" time="0.329" /><testcase classname="backend.tests.test_lot7_refactor_regression.TestStripeAdminSplit" name="test_reconciliation_csv_admin" time="0.059" /><testcase classname="backend.tests.test_lot7_refactor_regression.TestStripeAdminSplit" name="test_reconciliation_transactions_admin" time="0.049" /><testcase classname="backend.tests.test_lot7_refactor_regression.TestStripeAdminSplit" name="test_live_health_admin" time="0.058" /><testcase classname="backend.tests.test_lot7_refactor_regression.TestStripeAdminSplit" name="test_live_health_forbidden_non_admin" time="0.048" /><testcase classname="backend.tests.test_lot7_refactor_regression.TestLolodriveCheckout" name="test_status_fake_session" time="0.057" /><testcase classname="backend.tests.test_lot7_refactor_regression.TestLolodriveCheckout" name="test_pass_session_invalid_payload" time="0.055" /><testcase classname="backend.tests.test_lot7_refactor_regression.TestLolodriveCheckout" name="test_recharge_session_invalid_payload" time="0.053" /><testcase classname="backend.tests.test_lot7_refactor_regression.TestLolodriveCheckout" name="test_webhook_no_signature" time="0.051" /></testsuite></testsuites>